Log file open, 08/05/21 15:03:04
LogWindows: Failed to load 'aqProf.dll' (GetLastError=126)
LogWindows: File 'aqProf.dll' does not exist
LogWindows: Failed to load 'VtuneApi.dll' (GetLastError=126)
LogWindows: File 'VtuneApi.dll' does not exist
LogWindows: Failed to load 'VtuneApi32e.dll' (GetLastError=126)
LogWindows: File 'VtuneApi32e.dll' does not exist
LogConsoleResponse: Display: Failed to find resolution value strings in scalability ini. Falling back to default.
LogInit: Display: Running engine for game: Final_Project
LogPlatformFile: Not using cached read wrapper
LogTaskGraph: Started task graph with 5 named threads and 47 total threads with 3 sets of task threads.
LogStats: Stats thread started at 0.418962
LogD3D11RHI: Loaded GFSDK_Aftermath_Lib.x64.dll
LogICUInternationalization: ICU TimeZone Detection - Raw Offset: -5:00, Platform Override: ''
LogPluginManager: Mounting plugin Paper2D
LogPluginManager: Mounting plugin AISupport
LogPluginManager: Mounting plugin LightPropagationVolume
LogPluginManager: Mounting plugin ActorLayerUtilities
LogPluginManager: Mounting plugin AnimationSharing
LogPluginManager: Mounting plugin CLionSourceCodeAccess
LogPluginManager: Mounting plugin CodeLiteSourceCodeAccess
LogPluginManager: Mounting plugin GitSourceControl
LogPluginManager: Mounting plugin KDevelopSourceCodeAccess
LogPluginManager: Mounting plugin NullSourceCodeAccess
LogPluginManager: Mounting plugin PerforceSourceControl
LogPluginManager: Mounting plugin SubversionSourceControl
LogPluginManager: Mounting plugin UObjectPlugin
LogPluginManager: Mounting plugin VisualStudioCodeSourceCodeAccess
LogPluginManager: Mounting plugin VisualStudioSourceCodeAccess
LogPluginManager: Mounting plugin XCodeSourceCodeAccess
LogPluginManager: Mounting plugin AssetManagerEditor
LogPluginManager: Mounting plugin CryptoKeys
LogPluginManager: Mounting plugin CurveEditorTools
LogPluginManager: Mounting plugin DataValidation
LogPluginManager: Mounting plugin FacialAnimation
LogPluginManager: Mounting plugin GameplayTagsEditor
LogPluginManager: Mounting plugin MacGraphicsSwitching
LogPluginManager: Mounting plugin MaterialAnalyzer
LogPluginManager: Mounting plugin MobileLauncherProfileWizard
LogPluginManager: Mounting plugin PluginBrowser
LogPluginManager: Mounting plugin SpeedTreeImporter
LogPluginManager: Mounting plugin DatasmithContent
LogPluginManager: Mounting plugin VariantManagerContent
LogPluginManager: Mounting plugin AlembicImporter
LogPluginManager: Mounting plugin AutomationUtils
LogPluginManager: Mounting plugin BackChannel
LogPluginManager: Mounting plugin CharacterAI
LogPluginManager: Mounting plugin GeometryCache
LogPluginManager: Mounting plugin HTML5Networking
LogPluginManager: Mounting plugin PlatformCrypto
LogPluginManager: Mounting plugin ProxyLODPlugin
LogPluginManager: Mounting plugin SkeletalReduction
LogPluginManager: Mounting plugin MagicLeap
LogPluginManager: Mounting plugin MagicLeapMedia
LogPluginManager: Mounting plugin AndroidMedia
LogPluginManager: Mounting plugin AvfMedia
LogPluginManager: Mounting plugin ImgMedia
LogPluginManager: Mounting plugin MediaCompositing
LogPluginManager: Mounting plugin MediaPlayerEditor
LogPluginManager: Mounting plugin WebMMedia
LogPluginManager: Mounting plugin WmfMedia
LogPluginManager: Mounting plugin TcpMessaging
LogPluginManager: Mounting plugin UdpMessaging
LogPluginManager: Mounting plugin ActorSequence
LogPluginManager: Mounting plugin LevelSequenceEditor
LogPluginManager: Mounting plugin MatineeToLevelSequence
LogPluginManager: Mounting plugin NetcodeUnitTest
LogPluginManager: Mounting plugin NUTUnrealEngine4
LogPluginManager: Mounting plugin OnlineSubsystemGooglePlay
LogPluginManager: Mounting plugin OnlineSubsystemIOS
LogPluginManager: Mounting plugin OnlineSubsystem
LogPluginManager: Mounting plugin OnlineSubsystemNull
LogPluginManager: Mounting plugin OnlineSubsystemUtils
LogPluginManager: Mounting plugin LauncherChunkInstaller
LogPluginManager: Mounting plugin AndroidDeviceProfileSelector
LogPluginManager: Mounting plugin AndroidMoviePlayer
LogPluginManager: Mounting plugin AndroidPermission
LogPluginManager: Mounting plugin AppleImageUtils
LogPluginManager: Mounting plugin AppleMoviePlayer
LogPluginManager: Mounting plugin ArchVisCharacter
LogPluginManager: Mounting plugin AudioCapture
LogPluginManager: Mounting plugin CableComponent
LogPluginManager: Mounting plugin CustomMeshComponent
LogPluginManager: Mounting plugin EditableMesh
LogPluginManager: Mounting plugin ExampleDeviceProfileSelector
LogPluginManager: Mounting plugin GoogleCloudMessaging
LogPluginManager: Mounting plugin IOSDeviceProfileSelector
LogPluginManager: Mounting plugin LinuxDeviceProfileSelector
LogPluginManager: Mounting plugin LocationServicesBPLibrary
LogPluginManager: Mounting plugin MobilePatchingUtils
LogPluginManager: Mounting plugin OculusVR
LogPluginManager: Mounting plugin PhysXVehicles
LogPluginManager: Mounting plugin ProceduralMeshComponent
LogPluginManager: Mounting plugin RuntimePhysXCooking
LogPluginManager: Mounting plugin SignificanceManager
LogPluginManager: Mounting plugin SteamVR
LogPluginManager: Mounting plugin WebMMoviePlayer
LogPluginManager: Mounting plugin WindowsMoviePlayer
LogPluginManager: Mounting plugin ScreenshotTools
LogInit: Using libcurl 7.55.1-DEV
LogInit:  - built for x86_64-pc-win32
LogInit:  - supports SSL with OpenSSL/1.1.1
LogInit:  - supports HTTP deflate (compression) using libz 1.2.8
LogInit:  - other features:
LogInit:      CURL_VERSION_SSL
LogInit:      CURL_VERSION_LIBZ
LogInit:      CURL_VERSION_IPV6
LogInit:      CURL_VERSION_ASYNCHDNS
LogInit:      CURL_VERSION_LARGEFILE
LogInit:      CURL_VERSION_IDN
LogInit:  CurlRequestOptions (configurable via config and command line):
LogInit:  - bVerifyPeer = true  - Libcurl will verify peer certificate
LogInit:  - bUseHttpProxy = false  - Libcurl will NOT use HTTP proxy
LogInit:  - bDontReuseConnections = false  - Libcurl will reuse connections
LogInit:  - MaxHostConnections = 16  - Libcurl will limit the number of connections to a host
LogInit:  - LocalHostAddr = Default
LogInit:  - BufferSize = 65536
LogOnline: OSS: Creating online subsystem instance for: NULL
LogInit: WinSock: version 1.1 (2.2), MaxSocks=32767, MaxUdp=65467
LogInit: Build: ++UE4+Release-4.23-CL-9631420
LogInit: Engine Version: 4.23.1-9631420+++UE4+Release-4.23
LogInit: Compatible Engine Version: 4.23.0-8386587+++UE4+Release-4.23
LogInit: Net CL: 8386587
LogInit: OS: Windows 10 (Release 2009) (), CPU: AMD Ryzen 9 4900HS with Radeon Graphics         , GPU: AMD Radeon(TM) Graphics
LogInit: Compiled (64-bit): Oct 18 2019 02:07:44
LogInit: Compiled with Visual C++: 19.16.27030.01
LogInit: Build Configuration: Development
LogInit: Branch Name: ++UE4+Release-4.23
LogInit: Command Line: 
LogInit: Base Directory: C:/Program Files/Epic Games/UE_4.23/Engine/Binaries/Win64/
LogInit: Installed Engine Build: 1
LogDevObjectVersion: Number of dev versions registered: 23
LogDevObjectVersion:   Dev-Blueprints (B0D832E4-1F89-4F0D-ACCF-7EB736FD4AA2): 10
LogDevObjectVersion:   Dev-Build (E1C64328-A22C-4D53-A36C-8E866417BD8C): 0
LogDevObjectVersion:   Dev-Core (375EC13C-06E4-48FB-B500-84F0262A717E): 3
LogDevObjectVersion:   Dev-Editor (E4B068ED-F494-42E9-A231-DA0B2E46BB41): 34
LogDevObjectVersion:   Dev-Framework (CFFC743F-43B0-4480-9391-14DF171D2073): 35
LogDevObjectVersion:   Dev-Mobile (B02B49B5-BB20-44E9-A304-32B752E40360): 2
LogDevObjectVersion:   Dev-Networking (A4E4105C-59A1-49B5-A7C5-40C4547EDFEE): 0
LogDevObjectVersion:   Dev-Online (39C831C9-5AE6-47DC-9A44-9C173E1C8E7C): 0
LogDevObjectVersion:   Dev-Physics (78F01B33-EBEA-4F98-B9B4-84EACCB95AA2): 0
LogDevObjectVersion:   Dev-Platform (6631380F-2D4D-43E0-8009-CF276956A95A): 0
LogDevObjectVersion:   Dev-Rendering (12F88B9F-8875-4AFC-A67C-D90C383ABD29): 31
LogDevObjectVersion:   Dev-Sequencer (7B5AE74C-D270-4C10-A958-57980B212A5A): 11
LogDevObjectVersion:   Dev-VR (D7296918-1DD6-4BDD-9DE2-64A83CC13884): 2
LogDevObjectVersion:   Dev-LoadTimes (C2A15278-BFE7-4AFE-6C17-90FF531DF755): 1
LogDevObjectVersion:   Private-Geometry (6EACA3D4-40EC-4CC1-B786-8BED09428FC5): 3
LogDevObjectVersion:   Dev-AnimPhys (29E575DD-E0A3-4627-9D10-D276232CDCEA): 17
LogDevObjectVersion:   Dev-Anim (AF43A65D-7FD3-4947-9873-3E8ED9C1BB05): 2
LogDevObjectVersion:   Dev-ReflectionCapture (6B266CEC-1EC7-4B8F-A30B-E4D90942FC07): 1
LogDevObjectVersion:   Dev-Automation (0DF73D61-A23F-47EA-B727-89E90C41499A): 1
LogDevObjectVersion:   FortniteMain (601D1886-AC64-4F84-AA16-D3DE0DEAC7D6): 27
LogDevObjectVersion:   Dev-Enterprise (9DFFBCD6-494F-0158-E221-12823C92A888): 6
LogDevObjectVersion:   Dev-Niagara (F2AED0AC-9AFE-416F-8664-AA7FFA26D6FC): 1
LogDevObjectVersion:   Dev-Destruction (174F1F0B-B4C6-45A5-B13F-2EE8D0FB917D): 9
LogInit: Presizing for max 16777216 objects, including 0 objects not considered by GC, pre-allocating 0 bytes for permanent pool.
LogInit: Object subsystem initialized
LogConfig: Setting CVar [[con.DebugEarlyDefault:1]]
LogConfig: Setting CVar [[r.setres:1280x720]]
[2021.08.05-19.03.04:851][  0]LogConfig: Setting CVar [[r.VSync:0]]
[2021.08.05-19.03.04:851][  0]LogConfig: Setting CVar [[r.RHICmdBypass:0]]
[2021.08.05-19.03.04:851][  0]LogConfig: Applying CVar settings from Section [/Script/Engine.RendererSettings] File [C:/Users/dku19/Documents/Unreal Projects/Final_Project/Saved/Config/Windows/Engine.ini]
[2021.08.05-19.03.04:851][  0]LogConfig: Setting CVar [[r.GPUCrashDebugging:0]]
[2021.08.05-19.03.04:851][  0]LogConfig: Applying CVar settings from Section [/Script/Engine.RendererOverrideSettings] File [C:/Users/dku19/Documents/Unreal Projects/Final_Project/Saved/Config/Windows/Engine.ini]
[2021.08.05-19.03.04:851][  0]LogConfig: Applying CVar settings from Section [/Script/Engine.StreamingSettings] File [C:/Users/dku19/Documents/Unreal Projects/Final_Project/Saved/Config/Windows/Engine.ini]
[2021.08.05-19.03.04:851][  0]LogConfig: Setting CVar [[s.MinBulkDataSizeForAsyncLoading:131072]]
[2021.08.05-19.03.04:851][  0]LogConfig: Setting CVar [[s.AsyncLoadingThreadEnabled:0]]
[2021.08.05-19.03.04:851][  0]LogConfig: Setting CVar [[s.EventDrivenLoaderEnabled:1]]
[2021.08.05-19.03.04:851][  0]LogConfig: Setting CVar [[s.WarnIfTimeLimitExceeded:0]]
[2021.08.05-19.03.04:851][  0]LogConfig: Setting CVar [[s.TimeLimitExceededMultiplier:1.5]]
[2021.08.05-19.03.04:851][  0]LogConfig: Setting CVar [[s.TimeLimitExceededMinTime:0.005]]
[2021.08.05-19.03.04:851][  0]LogConfig: Setting CVar [[s.UseBackgroundLevelStreaming:1]]
[2021.08.05-19.03.04:851][  0]LogConfig: Setting CVar [[s.PriorityAsyncLoadingExtraTime:15.0]]
[2021.08.05-19.03.04:851][  0]LogConfig: Setting CVar [[s.LevelStreamingActorsUpdateTimeLimit:5.0]]
[2021.08.05-19.03.04:851][  0]LogConfig: Setting CVar [[s.PriorityLevelStreamingActorsUpdateExtraTime:5.0]]
[2021.08.05-19.03.04:851][  0]LogConfig: Setting CVar [[s.LevelStreamingComponentsRegistrationGranularity:10]]
[2021.08.05-19.03.04:851][  0]LogConfig: Setting CVar [[s.UnregisterComponentsTimeLimit:1.0]]
[2021.08.05-19.03.04:851][  0]LogConfig: Setting CVar [[s.LevelStreamingComponentsUnregistrationGranularity:5]]
[2021.08.05-19.03.04:851][  0]LogConfig: Applying CVar settings from Section [/Script/Engine.GarbageCollectionSettings] File [C:/Users/dku19/Documents/Unreal Projects/Final_Project/Saved/Config/Windows/Engine.ini]
[2021.08.05-19.03.04:851][  0]LogConfig: Setting CVar [[gc.MaxObjectsNotConsideredByGC:1]]
[2021.08.05-19.03.04:851][  0]LogConfig: Setting CVar [[gc.SizeOfPermanentObjectPool:0]]
[2021.08.05-19.03.04:851][  0]LogConfig: Setting CVar [[gc.FlushStreamingOnGC:0]]
[2021.08.05-19.03.04:851][  0]LogConfig: Setting CVar [[gc.NumRetriesBeforeForcingGC:10]]
[2021.08.05-19.03.04:851][  0]LogConfig: Setting CVar [[gc.AllowParallelGC:1]]
[2021.08.05-19.03.04:851][  0]LogConfig: Setting CVar [[gc.TimeBetweenPurgingPendingKillObjects:61.1]]
[2021.08.05-19.03.04:851][  0]LogConfig: Setting CVar [[gc.MaxObjectsInEditor:16777216]]
[2021.08.05-19.03.04:851][  0]LogConfig: Setting CVar [[gc.IncrementalBeginDestroyEnabled:1]]
[2021.08.05-19.03.04:851][  0]LogConfig: Setting CVar [[gc.CreateGCClusters:1]]
[2021.08.05-19.03.04:851][  0]LogConfig: Setting CVar [[gc.MinGCClusterSize:5]]
[2021.08.05-19.03.04:851][  0]LogConfig: Setting CVar [[gc.ActorClusteringEnabled:0]]
[2021.08.05-19.03.04:851][  0]LogConfig: Setting CVar [[gc.BlueprintClusteringEnabled:0]]
[2021.08.05-19.03.04:851][  0]LogConfig: Setting CVar [[gc.UseDisregardForGCOnDedicatedServers:0]]
[2021.08.05-19.03.04:851][  0]LogConfig: Applying CVar settings from Section [/Script/Engine.NetworkSettings] File [C:/Users/dku19/Documents/Unreal Projects/Final_Project/Saved/Config/Windows/Engine.ini]
[2021.08.05-19.03.04:851][  0]LogConfig: Applying CVar settings from Section [/Script/UnrealEd.CookerSettings] File [C:/Users/dku19/Documents/Unreal Projects/Final_Project/Saved/Config/Windows/Engine.ini]
[2021.08.05-19.03.04:857][  0]LogConfig: Applying CVar settings from Section [ViewDistanceQuality@3] File [C:/Users/dku19/Documents/Unreal Projects/Final_Project/Saved/Config/Windows/Scalability.ini]
[2021.08.05-19.03.04:857][  0]LogConfig: Setting CVar [[r.SkeletalMeshLODBias:0]]
[2021.08.05-19.03.04:857][  0]LogConfig: Setting CVar [[r.ViewDistanceScale:1.0]]
[2021.08.05-19.03.04:857][  0]LogConfig: Applying CVar settings from Section [AntiAliasingQuality@3] File [C:/Users/dku19/Documents/Unreal Projects/Final_Project/Saved/Config/Windows/Scalability.ini]
[2021.08.05-19.03.04:857][  0]LogConfig: Setting CVar [[r.PostProcessAAQuality:4]]
[2021.08.05-19.03.04:857][  0]LogConfig: Applying CVar settings from Section [ShadowQuality@3] File [C:/Users/dku19/Documents/Unreal Projects/Final_Project/Saved/Config/Windows/Scalability.ini]
[2021.08.05-19.03.04:857][  0]LogConfig: Setting CVar [[r.LightFunctionQuality:1]]
[2021.08.05-19.03.04:857][  0]LogConfig: Setting CVar [[r.ShadowQuality:5]]
[2021.08.05-19.03.04:857][  0]LogConfig: Setting CVar [[r.Shadow.CSM.MaxCascades:10]]
[2021.08.05-19.03.04:857][  0]LogConfig: Setting CVar [[r.Shadow.MaxResolution:2048]]
[2021.08.05-19.03.04:857][  0]LogConfig: Setting CVar [[r.Shadow.MaxCSMResolution:2048]]
[2021.08.05-19.03.04:857][  0]LogConfig: Setting CVar [[r.Shadow.RadiusThreshold:0.01]]
[2021.08.05-19.03.04:857][  0]LogConfig: Setting CVar [[r.Shadow.DistanceScale:1.0]]
[2021.08.05-19.03.04:857][  0]LogConfig: Setting CVar [[r.Shadow.CSM.TransitionScale:1.0]]
[2021.08.05-19.03.04:857][  0]LogConfig: Setting CVar [[r.Shadow.PreShadowResolutionFactor:1.0]]
[2021.08.05-19.03.04:857][  0]LogConfig: Setting CVar [[r.DistanceFieldShadowing:1]]
[2021.08.05-19.03.04:857][  0]LogConfig: Setting CVar [[r.DistanceFieldAO:1]]
[2021.08.05-19.03.04:857][  0]LogConfig: Setting CVar [[r.AOQuality:2]]
[2021.08.05-19.03.04:857][  0]LogConfig: Setting CVar [[r.VolumetricFog:1]]
[2021.08.05-19.03.04:857][  0]LogConfig: Setting CVar [[r.VolumetricFog.GridPixelSize:8]]
[2021.08.05-19.03.04:857][  0]LogConfig: Setting CVar [[r.VolumetricFog.GridSizeZ:128]]
[2021.08.05-19.03.04:857][  0]LogConfig: Setting CVar [[r.VolumetricFog.HistoryMissSupersampleCount:4]]
[2021.08.05-19.03.04:857][  0]LogConfig: Setting CVar [[r.LightMaxDrawDistanceScale:1]]
[2021.08.05-19.03.04:857][  0]LogConfig: Setting CVar [[r.CapsuleShadows:1]]
[2021.08.05-19.03.04:857][  0]LogConfig: Applying CVar settings from Section [PostProcessQuality@3] File [C:/Users/dku19/Documents/Unreal Projects/Final_Project/Saved/Config/Windows/Scalability.ini]
[2021.08.05-19.03.04:857][  0]LogConfig: Setting CVar [[r.MotionBlurQuality:4]]
[2021.08.05-19.03.04:857][  0]LogConfig: Setting CVar [[r.AmbientOcclusionMipLevelFactor:0.4]]
[2021.08.05-19.03.04:857][  0]LogConfig: Setting CVar [[r.AmbientOcclusionMaxQuality:100]]
[2021.08.05-19.03.04:857][  0]LogConfig: Setting CVar [[r.AmbientOcclusionLevels:-1]]
[2021.08.05-19.03.04:857][  0]LogConfig: Setting CVar [[r.AmbientOcclusionRadiusScale:1.0]]
[2021.08.05-19.03.04:857][  0]LogConfig: Setting CVar [[r.DepthOfFieldQuality:2]]
[2021.08.05-19.03.04:857][  0]LogConfig: Setting CVar [[r.RenderTargetPoolMin:400]]
[2021.08.05-19.03.04:857][  0]LogConfig: Setting CVar [[r.LensFlareQuality:2]]
[2021.08.05-19.03.04:857][  0]LogConfig: Setting CVar [[r.SceneColorFringeQuality:1]]
[2021.08.05-19.03.04:857][  0]LogConfig: Setting CVar [[r.EyeAdaptationQuality:2]]
[2021.08.05-19.03.04:857][  0]LogConfig: Setting CVar [[r.BloomQuality:5]]
[2021.08.05-19.03.04:857][  0]LogConfig: Setting CVar [[r.FastBlurThreshold:100]]
[2021.08.05-19.03.04:857][  0]LogConfig: Setting CVar [[r.Upscale.Quality:3]]
[2021.08.05-19.03.04:857][  0]LogConfig: Setting CVar [[r.Tonemapper.GrainQuantization:1]]
[2021.08.05-19.03.04:857][  0]LogConfig: Setting CVar [[r.LightShaftQuality:1]]
[2021.08.05-19.03.04:857][  0]LogConfig: Setting CVar [[r.Filter.SizeScale:1]]
[2021.08.05-19.03.04:857][  0]LogConfig: Setting CVar [[r.Tonemapper.Quality:5]]
[2021.08.05-19.03.04:857][  0]LogConfig: Setting CVar [[r.DOF.Gather.AccumulatorQuality:1        ; higher gathering accumulator quality]]
[2021.08.05-19.03.04:857][  0]LogConfig: Setting CVar [[r.DOF.Gather.PostfilterMethod:1          ; Median3x3 postfilering method]]
[2021.08.05-19.03.04:857][  0]LogConfig: Setting CVar [[r.DOF.Gather.EnableBokehSettings:0       ; no bokeh simulation when gathering]]
[2021.08.05-19.03.04:857][  0]LogConfig: Setting CVar [[r.DOF.Gather.RingCount:4                 ; medium number of samples when gathering]]
[2021.08.05-19.03.04:857][  0]LogConfig: Setting CVar [[r.DOF.Scatter.ForegroundCompositing:1    ; additive foreground scattering]]
[2021.08.05-19.03.04:857][  0]LogConfig: Setting CVar [[r.DOF.Scatter.BackgroundCompositing:2    ; additive background scattering]]
[2021.08.05-19.03.04:857][  0]LogConfig: Setting CVar [[r.DOF.Scatter.EnableBokehSettings:1      ; bokeh simulation when scattering]]
[2021.08.05-19.03.04:857][  0]LogConfig: Setting CVar [[r.DOF.Scatter.MaxSpriteRatio:0.1         ; only a maximum of 10% of scattered bokeh]]
[2021.08.05-19.03.04:857][  0]LogConfig: Setting CVar [[r.DOF.Recombine.Quality:1                ; cheap slight out of focus]]
[2021.08.05-19.03.04:857][  0]LogConfig: Setting CVar [[r.DOF.Recombine.EnableBokehSettings:0    ; no bokeh simulation on slight out of focus]]
[2021.08.05-19.03.04:857][  0]LogConfig: Setting CVar [[r.DOF.TemporalAAQuality:1                ; more stable temporal accumulation]]
[2021.08.05-19.03.04:857][  0]LogConfig: Setting CVar [[r.DOF.Kernel.MaxForegroundRadius:0.025]]
[2021.08.05-19.03.04:857][  0]LogConfig: Setting CVar [[r.DOF.Kernel.MaxBackgroundRadius:0.025]]
[2021.08.05-19.03.04:857][  0]LogConfig: Applying CVar settings from Section [TextureQuality@3] File [C:/Users/dku19/Documents/Unreal Projects/Final_Project/Saved/Config/Windows/Scalability.ini]
[2021.08.05-19.03.04:857][  0]LogConfig: Setting CVar [[r.Streaming.MipBias:0]]
[2021.08.05-19.03.04:858][  0]LogConfig: Setting CVar [[r.Streaming.AmortizeCPUToGPUCopy:0]]
[2021.08.05-19.03.04:858][  0]LogConfig: Setting CVar [[r.Streaming.MaxNumTexturesToStreamPerFrame:0]]
[2021.08.05-19.03.04:858][  0]LogConfig: Setting CVar [[r.Streaming.Boost:1]]
[2021.08.05-19.03.04:858][  0]LogConfig: Setting CVar [[r.MaxAnisotropy:8]]
[2021.08.05-19.03.04:858][  0]LogConfig: Setting CVar [[r.Streaming.LimitPoolSizeToVRAM:0]]
[2021.08.05-19.03.04:858][  0]LogConfig: Setting CVar [[r.Streaming.PoolSize:1000]]
[2021.08.05-19.03.04:858][  0]LogConfig: Setting CVar [[r.Streaming.MaxEffectiveScreenSize:0]]
[2021.08.05-19.03.04:858][  0]LogConfig: Applying CVar settings from Section [EffectsQuality@3] File [C:/Users/dku19/Documents/Unreal Projects/Final_Project/Saved/Config/Windows/Scalability.ini]
[2021.08.05-19.03.04:858][  0]LogConfig: Setting CVar [[r.TranslucencyLightingVolumeDim:64]]
[2021.08.05-19.03.04:858][  0]LogConfig: Setting CVar [[r.RefractionQuality:2]]
[2021.08.05-19.03.04:858][  0]LogConfig: Setting CVar [[r.SSR.Quality:3]]
[2021.08.05-19.03.04:858][  0]LogConfig: Setting CVar [[r.SceneColorFormat:4]]
[2021.08.05-19.03.04:858][  0]LogConfig: Setting CVar [[r.DetailMode:2]]
[2021.08.05-19.03.04:858][  0]LogConfig: Setting CVar [[r.TranslucencyVolumeBlur:1]]
[2021.08.05-19.03.04:858][  0]LogConfig: Setting CVar [[r.MaterialQualityLevel:1 ; High quality]]
[2021.08.05-19.03.04:858][  0]LogConfig: Setting CVar [[r.SSS.Scale:1]]
[2021.08.05-19.03.04:858][  0]LogConfig: Setting CVar [[r.SSS.SampleSet:2]]
[2021.08.05-19.03.04:858][  0]LogConfig: Setting CVar [[r.SSS.Quality:1]]
[2021.08.05-19.03.04:858][  0]LogConfig: Setting CVar [[r.SSS.HalfRes:1]]
[2021.08.05-19.03.04:858][  0]LogConfig: Setting CVar [[r.EmitterSpawnRateScale:1.0]]
[2021.08.05-19.03.04:858][  0]LogConfig: Setting CVar [[r.ParticleLightQuality:2]]
[2021.08.05-19.03.04:858][  0]LogConfig: Applying CVar settings from Section [FoliageQuality@3] File [C:/Users/dku19/Documents/Unreal Projects/Final_Project/Saved/Config/Windows/Scalability.ini]
[2021.08.05-19.03.04:858][  0]LogConfig: Setting CVar [[foliage.DensityScale:1.0]]
[2021.08.05-19.03.04:858][  0]LogConfig: Setting CVar [[grass.DensityScale:1.0]]
[2021.08.05-19.03.04:859][  0]LogInit: Selected Device Profile: [Windows]
[2021.08.05-19.03.04:859][  0]LogInit: Applying CVar settings loaded from the selected device profile: [Windows]
[2021.08.05-19.03.04:865][  0]LogHAL: Display: Platform has ~ 16 GB [16556584960 / 17179869184 / 16], which maps to Larger [LargestMinGB=32, LargerMinGB=12, DefaultMinGB=8, SmallerMinGB=6, SmallestMinGB=0)
[2021.08.05-19.03.04:865][  0]LogInit: Going up to parent DeviceProfile []
[2021.08.05-19.03.04:865][  0]LogConfig: Applying CVar settings from Section [ViewDistanceQuality@2] File [C:/Users/dku19/Documents/Unreal Projects/Final_Project/Saved/Config/Windows/Scalability.ini]
[2021.08.05-19.03.04:865][  0]LogConfig: Setting CVar [[r.SkeletalMeshLODBias:0]]
[2021.08.05-19.03.04:865][  0]LogConfig: Setting CVar [[r.ViewDistanceScale:0.8]]
[2021.08.05-19.03.04:865][  0]LogConfig: Applying CVar settings from Section [AntiAliasingQuality@2] File [C:/Users/dku19/Documents/Unreal Projects/Final_Project/Saved/Config/Windows/Scalability.ini]
[2021.08.05-19.03.04:865][  0]LogConfig: Setting CVar [[r.PostProcessAAQuality:3]]
[2021.08.05-19.03.04:865][  0]LogConfig: Applying CVar settings from Section [ShadowQuality@2] File [C:/Users/dku19/Documents/Unreal Projects/Final_Project/Saved/Config/Windows/Scalability.ini]
[2021.08.05-19.03.04:865][  0]LogConfig: Setting CVar [[r.LightFunctionQuality:1]]
[2021.08.05-19.03.04:865][  0]LogConfig: Setting CVar [[r.ShadowQuality:5]]
[2021.08.05-19.03.04:865][  0]LogConfig: Setting CVar [[r.Shadow.CSM.MaxCascades:4]]
[2021.08.05-19.03.04:865][  0]LogConfig: Setting CVar [[r.Shadow.MaxResolution:1024]]
[2021.08.05-19.03.04:865][  0]LogConfig: Setting CVar [[r.Shadow.MaxCSMResolution:2048]]
[2021.08.05-19.03.04:865][  0]LogConfig: Setting CVar [[r.Shadow.RadiusThreshold:0.04]]
[2021.08.05-19.03.04:865][  0]LogConfig: Setting CVar [[r.Shadow.DistanceScale:0.85]]
[2021.08.05-19.03.04:865][  0]LogConfig: Setting CVar [[r.Shadow.CSM.TransitionScale:0.8]]
[2021.08.05-19.03.04:865][  0]LogConfig: Setting CVar [[r.Shadow.PreShadowResolutionFactor:0.5]]
[2021.08.05-19.03.04:865][  0]LogConfig: Setting CVar [[r.DistanceFieldShadowing:1]]
[2021.08.05-19.03.04:865][  0]LogConfig: Setting CVar [[r.DistanceFieldAO:1]]
[2021.08.05-19.03.04:865][  0]LogConfig: Setting CVar [[r.AOQuality:1]]
[2021.08.05-19.03.04:865][  0]LogConfig: Setting CVar [[r.VolumetricFog:1]]
[2021.08.05-19.03.04:865][  0]LogConfig: Setting CVar [[r.VolumetricFog.GridPixelSize:16]]
[2021.08.05-19.03.04:865][  0]LogConfig: Setting CVar [[r.VolumetricFog.GridSizeZ:64]]
[2021.08.05-19.03.04:865][  0]LogConfig: Setting CVar [[r.VolumetricFog.HistoryMissSupersampleCount:4]]
[2021.08.05-19.03.04:865][  0]LogConfig: Setting CVar [[r.LightMaxDrawDistanceScale:1]]
[2021.08.05-19.03.04:865][  0]LogConfig: Setting CVar [[r.CapsuleShadows:1]]
[2021.08.05-19.03.04:865][  0]LogConfig: Applying CVar settings from Section [PostProcessQuality@2] File [C:/Users/dku19/Documents/Unreal Projects/Final_Project/Saved/Config/Windows/Scalability.ini]
[2021.08.05-19.03.04:865][  0]LogConfig: Setting CVar [[r.MotionBlurQuality:3]]
[2021.08.05-19.03.04:865][  0]LogConfig: Setting CVar [[r.AmbientOcclusionMipLevelFactor:0.6]]
[2021.08.05-19.03.04:865][  0]LogConfig: Setting CVar [[r.AmbientOcclusionMaxQuality:100]]
[2021.08.05-19.03.04:865][  0]LogConfig: Setting CVar [[r.AmbientOcclusionLevels:-1]]
[2021.08.05-19.03.04:865][  0]LogConfig: Setting CVar [[r.AmbientOcclusionRadiusScale:1.5]]
[2021.08.05-19.03.04:865][  0]LogConfig: Setting CVar [[r.DepthOfFieldQuality:2]]
[2021.08.05-19.03.04:865][  0]LogConfig: Setting CVar [[r.RenderTargetPoolMin:400]]
[2021.08.05-19.03.04:865][  0]LogConfig: Setting CVar [[r.LensFlareQuality:2]]
[2021.08.05-19.03.04:865][  0]LogConfig: Setting CVar [[r.SceneColorFringeQuality:1]]
[2021.08.05-19.03.04:865][  0]LogConfig: Setting CVar [[r.EyeAdaptationQuality:2]]
[2021.08.05-19.03.04:865][  0]LogConfig: Setting CVar [[r.BloomQuality:5]]
[2021.08.05-19.03.04:865][  0]LogConfig: Setting CVar [[r.FastBlurThreshold:3]]
[2021.08.05-19.03.04:865][  0]LogConfig: Setting CVar [[r.Upscale.Quality:2]]
[2021.08.05-19.03.04:865][  0]LogConfig: Setting CVar [[r.Tonemapper.GrainQuantization:1]]
[2021.08.05-19.03.04:865][  0]LogConfig: Setting CVar [[r.LightShaftQuality:1]]
[2021.08.05-19.03.04:865][  0]LogConfig: Setting CVar [[r.Filter.SizeScale:0.8]]
[2021.08.05-19.03.04:865][  0]LogConfig: Setting CVar [[r.Tonemapper.Quality:5]]
[2021.08.05-19.03.04:865][  0]LogConfig: Setting CVar [[r.DOF.Gather.AccumulatorQuality:0        ; lower gathering accumulator quality]]
[2021.08.05-19.03.04:865][  0]LogConfig: Setting CVar [[r.DOF.Gather.PostfilterMethod:2          ; Max3x3 postfilering method]]
[2021.08.05-19.03.04:865][  0]LogConfig: Setting CVar [[r.DOF.Gather.EnableBokehSettings:0       ; no bokeh simulation when gathering]]
[2021.08.05-19.03.04:865][  0]LogConfig: Setting CVar [[r.DOF.Gather.RingCount:4                 ; medium number of samples when gathering]]
[2021.08.05-19.03.04:865][  0]LogConfig: Setting CVar [[r.DOF.Scatter.ForegroundCompositing:1    ; additive foreground scattering]]
[2021.08.05-19.03.04:865][  0]LogConfig: Setting CVar [[r.DOF.Scatter.BackgroundCompositing:1    ; no background occlusion]]
[2021.08.05-19.03.04:865][  0]LogConfig: Setting CVar [[r.DOF.Scatter.EnableBokehSettings:0      ; no bokeh simulation when scattering]]
[2021.08.05-19.03.04:865][  0]LogConfig: Setting CVar [[r.DOF.Scatter.MaxSpriteRatio:0.04        ; only a maximum of 4% of scattered bokeh]]
[2021.08.05-19.03.04:865][  0]LogConfig: Setting CVar [[r.DOF.Recombine.Quality:0                ; no slight out of focus]]
[2021.08.05-19.03.04:865][  0]LogConfig: Setting CVar [[r.DOF.TemporalAAQuality:0                ; faster temporal accumulation]]
[2021.08.05-19.03.04:865][  0]LogConfig: Setting CVar [[r.DOF.Kernel.MaxForegroundRadius:0.012   ; required because of AccumulatorQuality=0]]
[2021.08.05-19.03.04:865][  0]LogConfig: Setting CVar [[r.DOF.Kernel.MaxBackgroundRadius:0.012   ; required because of AccumulatorQuality=0]]
[2021.08.05-19.03.04:865][  0]LogConfig: Applying CVar settings from Section [TextureQuality@2] File [C:/Users/dku19/Documents/Unreal Projects/Final_Project/Saved/Config/Windows/Scalability.ini]
[2021.08.05-19.03.04:865][  0]LogConfig: Setting CVar [[r.Streaming.MipBias:0]]
[2021.08.05-19.03.04:865][  0]LogConfig: Setting CVar [[r.Streaming.AmortizeCPUToGPUCopy:0]]
[2021.08.05-19.03.04:865][  0]LogConfig: Setting CVar [[r.Streaming.MaxNumTexturesToStreamPerFrame:0]]
[2021.08.05-19.03.04:865][  0]LogConfig: Setting CVar [[r.Streaming.Boost:1]]
[2021.08.05-19.03.04:865][  0]LogConfig: Setting CVar [[r.MaxAnisotropy:4]]
[2021.08.05-19.03.04:865][  0]LogConfig: Setting CVar [[r.Streaming.LimitPoolSizeToVRAM:1]]
[2021.08.05-19.03.04:865][  0]LogConfig: Setting CVar [[r.Streaming.PoolSize:800]]
[2021.08.05-19.03.04:865][  0]LogConfig: Setting CVar [[r.Streaming.MaxEffectiveScreenSize:0]]
[2021.08.05-19.03.04:865][  0]LogConfig: Applying CVar settings from Section [EffectsQuality@2] File [C:/Users/dku19/Documents/Unreal Projects/Final_Project/Saved/Config/Windows/Scalability.ini]
[2021.08.05-19.03.04:865][  0]LogConfig: Setting CVar [[r.TranslucencyLightingVolumeDim:48]]
[2021.08.05-19.03.04:865][  0]LogConfig: Setting CVar [[r.RefractionQuality:2]]
[2021.08.05-19.03.04:865][  0]LogConfig: Setting CVar [[r.SSR.Quality:2]]
[2021.08.05-19.03.04:866][  0]LogConfig: Setting CVar [[r.SceneColorFormat:3]]
[2021.08.05-19.03.04:866][  0]LogConfig: Setting CVar [[r.DetailMode:1]]
[2021.08.05-19.03.04:866][  0]LogConfig: Setting CVar [[r.TranslucencyVolumeBlur:1]]
[2021.08.05-19.03.04:866][  0]LogConfig: Setting CVar [[r.MaterialQualityLevel:1 ; High quality]]
[2021.08.05-19.03.04:866][  0]LogConfig: Setting CVar [[r.SSS.Scale:1]]
[2021.08.05-19.03.04:866][  0]LogConfig: Setting CVar [[r.SSS.SampleSet:1]]
[2021.08.05-19.03.04:866][  0]LogConfig: Setting CVar [[r.SSS.Quality:-1]]
[2021.08.05-19.03.04:866][  0]LogConfig: Setting CVar [[r.SSS.HalfRes:1]]
[2021.08.05-19.03.04:866][  0]LogConfig: Setting CVar [[r.EmitterSpawnRateScale:0.5]]
[2021.08.05-19.03.04:866][  0]LogConfig: Setting CVar [[r.ParticleLightQuality:1]]
[2021.08.05-19.03.04:866][  0]LogConfig: Applying CVar settings from Section [FoliageQuality@2] File [C:/Users/dku19/Documents/Unreal Projects/Final_Project/Saved/Config/Windows/Scalability.ini]
[2021.08.05-19.03.04:866][  0]LogConfig: Setting CVar [[foliage.DensityScale:0.8]]
[2021.08.05-19.03.04:866][  0]LogConfig: Setting CVar [[grass.DensityScale:0.8]]
[2021.08.05-19.03.04:866][  0]LogConfig: Applying CVar settings from Section [Startup] File [../../../Engine/Config/ConsoleVariables.ini]
[2021.08.05-19.03.04:867][  0]LogConfig: Setting CVar [[net.UseAdaptiveNetUpdateFrequency:0]]
[2021.08.05-19.03.04:867][  0]LogConfig: Setting CVar [[p.chaos.AllowCreatePhysxBodies:1]]
[2021.08.05-19.03.04:867][  0]LogConfig: Applying CVar settings from Section [ConsoleVariables] File [C:/Users/dku19/Documents/Unreal Projects/Final_Project/Saved/Config/Windows/Engine.ini]
[2021.08.05-19.03.04:868][  0]LogInit: Computer: DANIELS-ZEPHYRU
[2021.08.05-19.03.04:868][  0]LogInit: User: dku19
[2021.08.05-19.03.04:868][  0]LogInit: CPU Page size=4096, Cores=8
[2021.08.05-19.03.04:868][  0]LogInit: High frequency timer resolution =10.000000 MHz
[2021.08.05-19.03.04:869][  0]LogMemory: Memory total: Physical=15.4GB (16GB approx)
[2021.08.05-19.03.04:869][  0]LogMemory: Platform Memory Stats for Windows
[2021.08.05-19.03.04:869][  0]LogMemory: Process Physical Memory: 103.88 MB used, 103.88 MB peak
[2021.08.05-19.03.04:869][  0]LogMemory: Process Virtual Memory: 100.67 MB used, 100.67 MB peak
[2021.08.05-19.03.04:869][  0]LogMemory: Physical Memory: 7307.14 MB used,  8482.45 MB free, 15789.59 MB total
[2021.08.05-19.03.04:869][  0]LogMemory: Virtual Memory: 4703.46 MB used,  134213024.00 MB free, 134217728.00 MB total
[2021.08.05-19.03.04:875][  0]LogWindows: WindowsPlatformFeatures enabled
[2021.08.05-19.03.05:227][  0]LogInit: Using OS detected language (en-US).
[2021.08.05-19.03.05:228][  0]LogInit: Using OS detected locale (en-US).
[2021.08.05-19.03.05:228][  0]LogTextLocalizationManager: No specific localization for 'en-US' exists, so the 'en' localization will be used.
[2021.08.05-19.03.05:579][  0]LogInit: Setting process to per monitor DPI aware
[2021.08.05-19.03.05:666][  0]LogSlate: New Slate User Created.  User Index 0, Is Virtual User: 0
[2021.08.05-19.03.05:666][  0]LogSlate: Slate User Registered.  User Index 0, Is Virtual User: 0
[2021.08.05-19.03.08:991][  0]LogHMD: Failed to initialize OpenVR with code 110
[2021.08.05-19.03.08:991][  0]LogD3D11RHI: D3D11 adapters:
[2021.08.05-19.03.10:273][  0]LogD3D11RHI:    0. 'NVIDIA GeForce RTX 2060 with Max-Q Design' (Feature Level 11_0)
[2021.08.05-19.03.10:273][  0]LogD3D11RHI:       5980/0/7894 MB DedicatedVideo/DedicatedSystem/SharedSystem, Outputs:1, VendorId:0x10de
[2021.08.05-19.03.10:323][  0]LogD3D11RHI:    1. 'AMD Radeon(TM) Graphics' (Feature Level 11_0)
[2021.08.05-19.03.10:323][  0]LogD3D11RHI:       496/0/7894 MB DedicatedVideo/DedicatedSystem/SharedSystem, Outputs:0, VendorId:0x1002
[2021.08.05-19.03.10:326][  0]LogD3D11RHI:    2. 'Microsoft Basic Render Driver' (Feature Level 11_0)
[2021.08.05-19.03.10:326][  0]LogD3D11RHI:       0/0/7894 MB DedicatedVideo/DedicatedSystem/SharedSystem, Outputs:0, VendorId:0x1414
[2021.08.05-19.03.10:326][  0]LogD3D11RHI: Chosen D3D11 Adapter: 0
[2021.08.05-19.03.10:335][  0]LogD3D11RHI: Creating new Direct3DDevice
[2021.08.05-19.03.10:335][  0]LogD3D11RHI:     GPU DeviceId: 0x1f12 (for the marketing name, search the web for "GPU Device Id")
[2021.08.05-19.03.10:335][  0]LogWindows: EnumDisplayDevices:
[2021.08.05-19.03.10:335][  0]LogWindows:    0. 'AMD Radeon(TM) Graphics' (P:1 D:1)
[2021.08.05-19.03.10:335][  0]LogWindows:    1. 'AMD Radeon(TM) Graphics' (P:0 D:0)
[2021.08.05-19.03.10:335][  0]LogWindows:    2. 'AMD Radeon(TM) Graphics' (P:0 D:0)
[2021.08.05-19.03.10:336][  0]LogWindows:    3. 'AMD Radeon(TM) Graphics' (P:0 D:0)
[2021.08.05-19.03.10:336][  0]LogWindows:    4. 'NVIDIA GeForce RTX 2060 with Max-Q Design' (P:0 D:0)
[2021.08.05-19.03.10:336][  0]LogWindows:    5. 'NVIDIA GeForce RTX 2060 with Max-Q Design' (P:0 D:0)
[2021.08.05-19.03.10:337][  0]LogWindows:    6. 'NVIDIA GeForce RTX 2060 with Max-Q Design' (P:0 D:0)
[2021.08.05-19.03.10:337][  0]LogWindows:    7. 'NVIDIA GeForce RTX 2060 with Max-Q Design' (P:0 D:0)
[2021.08.05-19.03.10:337][  0]LogWindows: DebugString: PrimaryIsNotTheChoosenAdapter PrimaryIsNotTheChoosenAdapter PrimaryIsNotTheChoosenAdapter PrimaryIsNotTheChoosenAdapter FoundDriverCount:4 
[2021.08.05-19.03.10:337][  0]LogD3D11RHI:     Adapter Name: NVIDIA GeForce RTX 2060 with Max-Q Design
[2021.08.05-19.03.10:337][  0]LogD3D11RHI:   Driver Version: 471.11 (internal:30.0.14.7111, unified:471.11)
[2021.08.05-19.03.10:337][  0]LogD3D11RHI:      Driver Date: 6-21-2021
[2021.08.05-19.03.10:337][  0]LogRHI: Texture pool is 4186 MB (70% of 5980 MB)
[2021.08.05-19.03.10:437][  0]LogD3D11RHI: Async texture creation enabled
[2021.08.05-19.03.10:479][  0]LogD3D11RHI: GPU Timing Frequency: 1000.000000 (Debug: 2 1)
[2021.08.05-19.03.10:842][  0]LogTemp: Display: Module 'AllDesktopTargetPlatform' loaded TargetPlatform 'AllDesktop'
[2021.08.05-19.03.10:854][  0]LogTemp: Display: Module 'MacClientTargetPlatform' loaded TargetPlatform 'MacClient'
[2021.08.05-19.03.10:866][  0]LogTemp: Display: Module 'MacNoEditorTargetPlatform' loaded TargetPlatform 'MacNoEditor'
[2021.08.05-19.03.10:880][  0]LogTemp: Display: Module 'MacServerTargetPlatform' loaded TargetPlatform 'MacServer'
[2021.08.05-19.03.10:894][  0]LogTemp: Display: Module 'MacTargetPlatform' loaded TargetPlatform 'Mac'
[2021.08.05-19.03.10:908][  0]LogTemp: Display: Module 'WindowsClientTargetPlatform' loaded TargetPlatform 'WindowsClient'
[2021.08.05-19.03.10:922][  0]LogTemp: Display: Module 'WindowsNoEditorTargetPlatform' loaded TargetPlatform 'WindowsNoEditor'
[2021.08.05-19.03.10:934][  0]LogTemp: Display: Module 'WindowsServerTargetPlatform' loaded TargetPlatform 'WindowsServer'
[2021.08.05-19.03.10:941][  0]LogTemp: Display: Module 'WindowsTargetPlatform' loaded TargetPlatform 'Windows'
[2021.08.05-19.03.10:983][  0]LogTemp: Display: Module 'AndroidTargetPlatform' loaded TargetPlatform 'Android'
[2021.08.05-19.03.10:984][  0]LogTemp: Display: Module 'AndroidTargetPlatform' loaded TargetPlatform 'Android_ASTC'
[2021.08.05-19.03.10:984][  0]LogTemp: Display: Module 'AndroidTargetPlatform' loaded TargetPlatform 'Android_ATC'
[2021.08.05-19.03.10:984][  0]LogTemp: Display: Module 'AndroidTargetPlatform' loaded TargetPlatform 'Android_DXT'
[2021.08.05-19.03.10:984][  0]LogTemp: Display: Module 'AndroidTargetPlatform' loaded TargetPlatform 'Android_ETC1'
[2021.08.05-19.03.10:984][  0]LogTemp: Display: Module 'AndroidTargetPlatform' loaded TargetPlatform 'Android_ETC1a'
[2021.08.05-19.03.10:984][  0]LogTemp: Display: Module 'AndroidTargetPlatform' loaded TargetPlatform 'Android_ETC2'
[2021.08.05-19.03.10:984][  0]LogTemp: Display: Module 'AndroidTargetPlatform' loaded TargetPlatform 'Android_PVRTC'
[2021.08.05-19.03.10:984][  0]LogTemp: Display: Module 'AndroidTargetPlatform' loaded TargetPlatform 'AndroidClient'
[2021.08.05-19.03.10:984][  0]LogTemp: Display: Module 'AndroidTargetPlatform' loaded TargetPlatform 'Android_ASTCClient'
[2021.08.05-19.03.10:984][  0]LogTemp: Display: Module 'AndroidTargetPlatform' loaded TargetPlatform 'Android_ATCClient'
[2021.08.05-19.03.10:984][  0]LogTemp: Display: Module 'AndroidTargetPlatform' loaded TargetPlatform 'Android_DXTClient'
[2021.08.05-19.03.10:984][  0]LogTemp: Display: Module 'AndroidTargetPlatform' loaded TargetPlatform 'Android_ETC1Client'
[2021.08.05-19.03.10:984][  0]LogTemp: Display: Module 'AndroidTargetPlatform' loaded TargetPlatform 'Android_ETC1aClient'
[2021.08.05-19.03.10:984][  0]LogTemp: Display: Module 'AndroidTargetPlatform' loaded TargetPlatform 'Android_ETC2Client'
[2021.08.05-19.03.10:984][  0]LogTemp: Display: Module 'AndroidTargetPlatform' loaded TargetPlatform 'Android_PVRTCClient'
[2021.08.05-19.03.10:984][  0]LogTemp: Display: Module 'AndroidTargetPlatform' loaded TargetPlatform 'Android_Multi'
[2021.08.05-19.03.10:984][  0]LogTemp: Display: Module 'AndroidTargetPlatform' loaded TargetPlatform 'Android_MultiClient'
[2021.08.05-19.03.10:987][  0]LogTemp: Display: Module 'HTML5TargetPlatform' loaded TargetPlatform 'HTML5'
[2021.08.05-19.03.11:014][  0]LogTemp: Display: Module 'IOSTargetPlatform' loaded TargetPlatform 'IOSClient'
[2021.08.05-19.03.11:014][  0]LogTemp: Display: Module 'IOSTargetPlatform' loaded TargetPlatform 'IOS'
[2021.08.05-19.03.11:035][  0]LogTemp: Display: Module 'TVOSTargetPlatform' loaded TargetPlatform 'TVOSClient'
[2021.08.05-19.03.11:035][  0]LogTemp: Display: Module 'TVOSTargetPlatform' loaded TargetPlatform 'TVOS'
[2021.08.05-19.03.11:048][  0]LogTemp: Display: Module 'LinuxClientTargetPlatform' loaded TargetPlatform 'LinuxClient'
[2021.08.05-19.03.11:059][  0]LogTemp: Display: Module 'LinuxNoEditorTargetPlatform' loaded TargetPlatform 'LinuxNoEditor'
[2021.08.05-19.03.11:070][  0]LogTemp: Display: Module 'LinuxServerTargetPlatform' loaded TargetPlatform 'LinuxServer'
[2021.08.05-19.03.11:083][  0]LogTemp: Display: Module 'LinuxTargetPlatform' loaded TargetPlatform 'Linux'
[2021.08.05-19.03.11:120][  0]LogTemp: Display: Module 'LuminTargetPlatform' loaded TargetPlatform 'Lumin'
[2021.08.05-19.03.11:120][  0]LogTemp: Display: Module 'LuminTargetPlatform' loaded TargetPlatform 'LuminClient'
[2021.08.05-19.03.11:120][  0]LogTargetPlatformManager: Display: Building Assets For Windows
[2021.08.05-19.03.11:198][  0]LogAudioDebug: Display: Lib vorbis DLL was dynamically loaded.
[2021.08.05-19.03.11:347][  0]LogShaderCompilers: Guid format shader working directory is -24 characters bigger than the processId version (../../../../../../Users/dku19/Documents/Unreal Projects/Final_Project/Intermediate/Shaders/WorkingDirectory/15648/).
[2021.08.05-19.03.11:347][  0]LogShaderCompilers: Cleaned the shader compiler working directory 'C:/Users/dku19/AppData/Local/Temp/UnrealShaderWorkingDir/3C4715B541D07B2FB544DFB71F749241/'.
[2021.08.05-19.03.11:350][  0]LogXGEController: Cleaning working directory: C:/Users/dku19/AppData/Local/Temp/UnrealXGEWorkingDir/
[2021.08.05-19.03.11:351][  0]LogXGEController: Cannot use XGE Controller as Incredibuild is not installed on this machine.
[2021.08.05-19.03.11:351][  0]LogShaderCompilers: Cannot use XGE Shader Compiler as Incredibuild is not installed on this machine.
[2021.08.05-19.03.11:351][  0]LogShaderCompilers: Display: Using Local Shader Compiler.
[2021.08.05-19.03.14:491][  0]LogDerivedDataCache: Display: Max Cache Size: 512 MB
[2021.08.05-19.03.14:582][  0]LogDerivedDataCache: Loaded boot cache 0.09s 73MB C:/Users/dku19/AppData/Local/UnrealEngine/4.23/DerivedDataCache/Boot.ddc.
[2021.08.05-19.03.14:583][  0]LogDerivedDataCache: Display: Loaded Boot cache: C:/Users/dku19/AppData/Local/UnrealEngine/4.23/DerivedDataCache/Boot.ddc
[2021.08.05-19.03.14:583][  0]LogDerivedDataCache: FDerivedDataBackendGraph:  Pak pak cache file ../../../../../../Users/dku19/Documents/Unreal Projects/Final_Project/DerivedDataCache/DDC.ddp not found, will not use a pak cache.
[2021.08.05-19.03.14:583][  0]LogDerivedDataCache: Unable to find inner node Pak for hierarchical cache Hierarchy.
[2021.08.05-19.03.14:583][  0]LogDerivedDataCache: FDerivedDataBackendGraph:  CompressedPak pak cache file ../../../../../../Users/dku19/Documents/Unreal Projects/Final_Project/DerivedDataCache/Compressed.ddp not found, will not use a pak cache.
[2021.08.05-19.03.14:583][  0]LogDerivedDataCache: Unable to find inner node CompressedPak for hierarchical cache Hierarchy.
[2021.08.05-19.03.14:607][  0]LogDerivedDataCache: Display: Pak cache opened for reading ../../../Engine/DerivedDataCache/Compressed.ddp.
[2021.08.05-19.03.14:607][  0]LogDerivedDataCache: FDerivedDataBackendGraph:  EnterprisePak pak cache file ../../../Enterprise/DerivedDataCache/Compressed.ddp not found, will not use a pak cache.
[2021.08.05-19.03.14:608][  0]LogDerivedDataCache: Unable to find inner node EnterprisePak for hierarchical cache Hierarchy.
[2021.08.05-19.03.14:610][  0]LogDerivedDataCache: Using Local data cache path C:/Users/dku19/AppData/Local/UnrealEngine/Common/DerivedDataCache: Writable
[2021.08.05-19.03.14:610][  0]LogDerivedDataCache: Shared data cache path not found in *engine.ini, will not use an Shared cache.
[2021.08.05-19.03.14:610][  0]LogDerivedDataCache: Unable to find inner node Shared for hierarchical cache Hierarchy.
[2021.08.05-19.03.14:635][  0]LogMaterial: Verifying Global Shaders for PCD3D_SM5
[2021.08.05-19.03.14:643][  0]LogSlate: Using FreeType 2.6.0
[2021.08.05-19.03.14:666][  0]LogSlate: SlateFontServices - WITH_FREETYPE: 1, WITH_HARFBUZZ: 1
[2021.08.05-19.03.14:805][  0]LogAssetRegistry: FAssetRegistry took 0.0057 seconds to start up
[2021.08.05-19.03.15:218][  0]LogInit: Selected Device Profile: [Windows]
[2021.08.05-19.03.15:573][  0]LogMeshReduction: Using QuadricMeshReduction for automatic static mesh reduction
[2021.08.05-19.03.15:573][  0]LogMeshReduction: Using SimplygonMeshReduction for automatic skeletal mesh reduction
[2021.08.05-19.03.15:573][  0]LogMeshReduction: Using ProxyLODMeshReduction for automatic mesh merging
[2021.08.05-19.03.15:573][  0]LogMeshReduction: No distributed automatic mesh merging module available
[2021.08.05-19.03.15:573][  0]LogMeshMerging: No distributed automatic mesh merging module available
[2021.08.05-19.03.15:630][  0]LogNetVersion: Final_Project 1.0.0, NetCL: 8386587, EngineNetVer: 11, GameNetVer: 0 (Checksum: 2744521800)
[2021.08.05-19.03.17:025][  0]LogPackageLocalizationCache: Processed 12 localized package path(s) for 1 prioritized culture(s) in 0.056792 seconds
[2021.08.05-19.03.17:033][  0]LogUObjectArray: 43444 objects as part of root set at end of initial load.
[2021.08.05-19.03.17:034][  0]LogUObjectAllocator: 7548648 out of 0 bytes used by permanent object pool.
[2021.08.05-19.03.17:034][  0]LogUObjectArray: CloseDisregardForGC: 0/0 objects in disregard for GC pool
[2021.08.05-19.03.19:338][  0]LogTcpMessaging: Initializing TcpMessaging bridge
[2021.08.05-19.03.19:344][  0]LogUdpMessaging: Initializing bridge on interface 0.0.0.0:0 to multicast group 230.0.0.1:6666.
[2021.08.05-19.03.19:463][  0]SourceControl: Source control is disabled
[2021.08.05-19.03.19:464][  0]SourceControl: Source control is disabled
[2021.08.05-19.03.19:472][  0]SourceControl: Source control is disabled
[2021.08.05-19.03.19:476][  0]SourceControl: Source control is disabled
[2021.08.05-19.03.19:489][  0]LogVSAccessor: Display: Unable to create Visual Studio setup instance: 80040154
[2021.08.05-19.03.19:490][  0]LogVSAccessor: Display: Unable to create Visual Studio setup instance: 80040154
[2021.08.05-19.03.19:698][  0]LogAndroidPermission: UAndroidPermissionCallbackProxy::GetInstance
[2021.08.05-19.03.20:053][  0]LogOcInput: OculusInput pre-init called
[2021.08.05-19.03.20:066][  0]LogWindows: Failed to load 'OVRPlugin.dll' (GetLastError=126)
[2021.08.05-19.03.20:066][  0]LogWindows: File 'OVRPlugin.dll' does not exist
[2021.08.05-19.03.20:209][  0]LogEngine: Initializing Engine...
[2021.08.05-19.03.20:211][  0]LogHMD: Failed to initialize OpenVR with code 110
[2021.08.05-19.03.20:213][  0]LogStats: UGameplayTagsManager::InitializeManager -  0.001 s
[2021.08.05-19.03.20:703][  0]LogInit: Initializing FReadOnlyCVARCache
[2021.08.05-19.03.20:736][  0]LogAIModule: Creating AISystem for world Untitled
[2021.08.05-19.03.20:787][  0]LogInit: XAudio2 using 'Headphones (Realtek(R) Audio)' : 2 channels at 48 kHz using 32 bits per sample (channel mask 0x3)
[2021.08.05-19.03.20:813][  0]LogInit: FAudioDevice initialized.
[2021.08.05-19.03.20:813][  0]LogNetVersion: Set ProjectVersion to 1.0.0.0. Version Checksum will be recalculated on next use.
[2021.08.05-19.03.20:861][  0]LogDerivedDataCache: Saved boot cache 0.05s 73MB C:/Users/dku19/AppData/Local/UnrealEngine/4.23/DerivedDataCache/Boot.ddc.
[2021.08.05-19.03.20:863][  0]LogInit: Texture streaming: Enabled
[2021.08.05-19.03.20:888][  0]LogEngineSessionManager: EngineSessionManager initialized
[2021.08.05-19.03.20:888][  0]LogEditorSessionSummary: Verbose: Initializing EditorSessionSummaryWriter for editor session tracking
[2021.08.05-19.03.20:889][  0]LogEditorSessionSummary: EditorSessionSummaryWriter initialized
[2021.08.05-19.03.21:116][  0]LogInit: Transaction tracking system initialized
[2021.08.05-19.03.21:181][  0]BlueprintLog: New page: Editor Load
[2021.08.05-19.03.21:343][  0]LocalizationService: Localization service is disabled
[2021.08.05-19.03.21:669][  0]LogVSAccessor: Display: Unable to create Visual Studio setup instance: 80040154
[2021.08.05-19.03.21:669][  0]LogVSAccessor: Display: Unable to create Visual Studio setup instance: 80040154
[2021.08.05-19.03.22:186][  0]LogFileCache: Scanning file cache for directory 'C:/Users/dku19/Documents/Unreal Projects/Final_Project/Content/' took 0.00s
[2021.08.05-19.03.22:186][  0]LogCook: Display: Max memory allowance for cook 16384mb min free memory 0mb
[2021.08.05-19.03.22:186][  0]LogCook: Display: Mobile HDR setting 1
[2021.08.05-19.03.22:624][  0]SourceControl: Source control is disabled
[2021.08.05-19.03.22:624][  0]Cmd: MAP LOAD FILE="../../../../../../Users/dku19/Documents/Unreal Projects/Final_Project/Content/ThirdPersonBP/Maps/ThirdPersonExampleMap.umap" TEMPLATE=0 SHOWPROGRESS=1 FEATURELEVEL=3
[2021.08.05-19.03.22:630][  0]LightingResults: New page: Lighting Build
[2021.08.05-19.03.22:636][  0]LogWorld: UWorld::CleanupWorld for Untitled, bSessionEnded=true, bCleanupResources=true
[2021.08.05-19.03.22:637][  0]MapCheck: New page: Map Check
[2021.08.05-19.03.22:637][  0]LightingResults: New page: Lighting Build
[2021.08.05-19.03.22:669][  0]LogUObjectHash: Compacting FUObjectHashTables data took   2.09ms
[2021.08.05-19.03.23:504][  0]LogAIModule: Creating AISystem for world ThirdPersonExampleMap
[2021.08.05-19.03.23:535][  0]LogEditorServer: Finished looking for orphan Actors (0.000 secs)
[2021.08.05-19.03.23:568][  0]LogUObjectHash: Compacting FUObjectHashTables data took   2.66ms
[2021.08.05-19.03.23:568][  0]Cmd: MAP CHECKDEP NOCLEARLOG
[2021.08.05-19.03.23:568][  0]MapCheck: Map check complete: 0 Error(s), 0 Warning(s), took 0.42ms to complete.
[2021.08.05-19.03.23:568][  0]LogFileHelpers: Loading map 'ThirdPersonExampleMap' took 0.944
[2021.08.05-19.03.23:730][  0]LogSlate: Updating window title bar state: overlay mode, drag disabled, window buttons hidden, title bar hidden
[2021.08.05-19.03.23:737][  0]LogSlate: Updating window title bar state: overlay mode, drag disabled, window buttons hidden, title bar hidden
[2021.08.05-19.03.23:745][  0]LogSlate: Updating window title bar state: overlay mode, drag disabled, window buttons hidden, title bar hidden
[2021.08.05-19.03.23:753][  0]LogSlate: Updating window title bar state: overlay mode, drag disabled, window buttons hidden, title bar hidden
[2021.08.05-19.03.23:771][  0]LogCollectionManager: Loaded 0 collections in 0.001748 seconds
[2021.08.05-19.03.23:790][  0]LogFileCache: Scanning file cache for directory 'C:/Users/dku19/Documents/Unreal Projects/Final_Project/Saved/Collections/' took 0.00s
[2021.08.05-19.03.23:790][  0]LogFileCache: Scanning file cache for directory 'C:/Users/dku19/Documents/Unreal Projects/Final_Project/Content/Developers/dku19/Collections/' took 0.00s
[2021.08.05-19.03.23:790][  0]LogFileCache: Scanning file cache for directory 'C:/Users/dku19/Documents/Unreal Projects/Final_Project/Content/Collections/' took 0.00s
[2021.08.05-19.03.23:790][  0]LogCollectionManager: Rebuilt the GUID cache for 0 collections in 0.000002 seconds
[2021.08.05-19.03.23:802][  0]LogContentBrowser: Native class hierarchy populated in 0.0110 seconds. Added 2863 classes and 680 folders.
[2021.08.05-19.03.23:816][  0]LogContentBrowser: Native class hierarchy updated for 'WidgetCarousel' in 0.0003 seconds. Added 0 classes and 0 folders.
[2021.08.05-19.03.24:178][  0]LogContentBrowser: Native class hierarchy updated for 'AddContentDialog' in 0.0003 seconds. Added 0 classes and 0 folders.
[2021.08.05-19.03.24:190][  0]LogContentBrowser: Native class hierarchy updated for 'SceneOutliner' in 0.0003 seconds. Added 1 classes and 2 folders.
[2021.08.05-19.03.24:385][  0]LogSlate: Took 0.007994 seconds to synchronously load lazily loaded font '../../../Engine/Content/Slate/Fonts/Roboto-Regular.ttf' (155K)
[2021.08.05-19.03.24:394][  0]LogSlate: Took 0.006532 seconds to synchronously load lazily loaded font '../../../Engine/Content/Slate/Fonts/Roboto-Bold.ttf' (160K)
[2021.08.05-19.03.24:405][  0]LogSlate: Took 0.007461 seconds to synchronously load lazily loaded font '../../../Engine/Content/Editor/Slate/Fonts/FontAwesome.ttf' (139K)
[2021.08.05-19.03.24:553][  0]LogRenderer: Reallocating scene render targets to support 680x252 Format 9 NumSamples 1 (Frame:1).
[2021.08.05-19.03.24:744][  0]LogContentBrowser: Native class hierarchy updated for 'HierarchicalLODOutliner' in 0.0003 seconds. Added 0 classes and 0 folders.
[2021.08.05-19.03.24:745][  0]LogLoad: (Engine Initialization) Total time: 24.10 seconds
[2021.08.05-19.03.24:745][  0]LogLoad: (Engine Initialization) Total Blueprint compile time: 0.00 seconds
[2021.08.05-19.03.24:817][  0]LogContentStreaming: Texture pool size now 800 MB
[2021.08.05-19.03.24:844][  0]LogSlate: Took 0.006846 seconds to synchronously load lazily loaded font '../../../Engine/Content/Slate/Fonts/Roboto-Light.ttf' (167K)
[2021.08.05-19.03.25:876][ 19]LogSlate: Took 0.000137 seconds to synchronously load lazily loaded font '../../../Engine/Content/Slate/Fonts/Roboto-Light.ttf' (167K)
[2021.08.05-19.03.25:923][ 20]LogAssetRegistry: Asset discovery search completed in 11.1197 seconds
[2021.08.05-19.03.25:927][ 20]LogCollectionManager: Rebuilt the object cache for 0 collections in 0.000005 seconds (found 0 objects)
[2021.08.05-19.03.25:927][ 20]LogCollectionManager: Fixed up redirectors for 0 collections in 0.000058 seconds (updated 0 objects)
[2021.08.05-19.03.26:157][ 32]LogSlate: FSceneViewport::OnFocusLost() reason 0
[2021.08.05-19.03.26:268][ 37]LogUObjectHash: Compacting FUObjectHashTables data took   0.76ms
[2021.08.05-19.03.26:343][ 37]LogSlate: Window 'Final_Project - Unreal Editor' being destroyed
[2021.08.05-19.03.26:343][ 37]LogWindowsTextInputMethodSystem: Display: IME system now deactivated.
[2021.08.05-19.03.26:445][ 38]Cmd: QUIT_EDITOR
[2021.08.05-19.03.26:472][ 38]LogExit: Preparing to exit.
[2021.08.05-19.03.27:376][ 38]LogDemo: Cleaned up 0 splitscreen connections with owner deletion
[2021.08.05-19.03.27:384][ 38]LogWorld: UWorld::CleanupWorld for None, bSessionEnded=true, bCleanupResources=true
[2021.08.05-19.03.27:384][ 38]LogExit: Editor shut down
[2021.08.05-19.03.27:385][ 38]LogExit: Transaction tracking system shut down
[2021.08.05-19.03.27:573][ 38]LogExit: Object subsystem successfully closed.
[2021.08.05-19.03.27:611][ 38]LogShaderCompilers: Display: Shaders left to compile 0
[2021.08.05-19.03.27:645][ 38]LogModuleManager: Shutting down and abandoning module HierarchicalLODOutliner (668)
[2021.08.05-19.03.27:645][ 38]LogModuleManager: Shutting down and abandoning module SceneOutliner (666)
[2021.08.05-19.03.27:645][ 38]LogModuleManager: Shutting down and abandoning module AddContentDialog (664)
[2021.08.05-19.03.27:645][ 38]LogModuleManager: Shutting down and abandoning module WidgetCarousel (663)
[2021.08.05-19.03.27:645][ 38]LogModuleManager: Shutting down and abandoning module EditorWidgets (660)
[2021.08.05-19.03.27:645][ 38]LogModuleManager: Shutting down and abandoning module CollectionManager (658)
[2021.08.05-19.03.27:646][ 38]LogModuleManager: Shutting down and abandoning module StatsViewer (656)
[2021.08.05-19.03.27:646][ 38]LogModuleManager: Shutting down and abandoning module VirtualTexturingEditor (654)
[2021.08.05-19.03.27:646][ 38]LogModuleManager: Shutting down and abandoning module FoliageEdit (652)
[2021.08.05-19.03.27:646][ 38]LogModuleManager: Shutting down and abandoning module LandscapeEditor (650)
[2021.08.05-19.03.27:647][ 38]LogModuleManager: Shutting down and abandoning module MeshPaintMode (648)
[2021.08.05-19.03.27:647][ 38]LogModuleManager: Shutting down and abandoning module SceneDepthPickerMode (646)
[2021.08.05-19.03.27:647][ 38]LogModuleManager: Shutting down and abandoning module ActorPickerMode (644)
[2021.08.05-19.03.27:647][ 38]LogModuleManager: Shutting down and abandoning module GeometryMode (642)
[2021.08.05-19.03.27:647][ 38]LogModuleManager: Shutting down and abandoning module TextureAlignMode (640)
[2021.08.05-19.03.27:647][ 38]LogModuleManager: Shutting down and abandoning module BspMode (638)
[2021.08.05-19.03.27:647][ 38]LogModuleManager: Shutting down and abandoning module PIEPreviewDeviceProfileSelector (636)
[2021.08.05-19.03.27:647][ 38]LogModuleManager: Shutting down and abandoning module SequenceRecorderSections (634)
[2021.08.05-19.03.27:648][ 38]LogModuleManager: Shutting down and abandoning module AutomationWorker (632)
[2021.08.05-19.03.27:648][ 38]LogModuleManager: Shutting down and abandoning module OculusMR (630)
[2021.08.05-19.03.27:648][ 38]LogModuleManager: Shutting down and abandoning module AudioCaptureEditor (628)
[2021.08.05-19.03.27:648][ 38]LogModuleManager: Shutting down and abandoning module MatineeToLevelSequence (626)
[2021.08.05-19.03.27:648][ 38]LogModuleManager: Shutting down and abandoning module LevelSequenceEditor (624)
[2021.08.05-19.03.27:648][ 38]LogModuleManager: Shutting down and abandoning module PlacementMode (623)
[2021.08.05-19.03.27:648][ 38]LogModuleManager: Shutting down and abandoning module MaterialEditor (622)
[2021.08.05-19.03.27:649][ 38]LogModuleManager: Shutting down and abandoning module ActorSequenceEditor (618)
[2021.08.05-19.03.27:649][ 38]LogModuleManager: Shutting down and abandoning module WmfMediaFactory (616)
[2021.08.05-19.03.27:649][ 38]LogModuleManager: Shutting down and abandoning module WmfMediaEditor (614)
[2021.08.05-19.03.27:649][ 38]LogModuleManager: Shutting down and abandoning module WebMMediaFactory (612)
[2021.08.05-19.03.27:649][ 38]LogModuleManager: Shutting down and abandoning module WebMMediaEditor (610)
[2021.08.05-19.03.27:649][ 38]LogModuleManager: Shutting down and abandoning module WebMMedia (608)
[2021.08.05-19.03.27:649][ 38]LogModuleManager: Shutting down and abandoning module MediaPlayerEditor (606)
[2021.08.05-19.03.27:649][ 38]LogModuleManager: Shutting down and abandoning module MediaCompositingEditor (604)
[2021.08.05-19.03.27:649][ 38]LogModuleManager: Shutting down and abandoning module SequenceRecorder (603)
[2021.08.05-19.03.27:649][ 38]LogModuleManager: Shutting down and abandoning module OpenExrWrapper (600)
[2021.08.05-19.03.27:649][ 38]LogModuleManager: Shutting down and abandoning module ImgMediaFactory (598)
[2021.08.05-19.03.27:649][ 38]LogModuleManager: Shutting down and abandoning module ImgMediaEditor (596)
[2021.08.05-19.03.27:649][ 38]LogModuleManager: Shutting down and abandoning module AvfMediaFactory (594)
[2021.08.05-19.03.27:649][ 38]LogModuleManager: Shutting down and abandoning module AvfMediaEditor (592)
[2021.08.05-19.03.27:649][ 38]LogModuleManager: Shutting down and abandoning module AndroidMediaFactory (590)
[2021.08.05-19.03.27:649][ 38]LogModuleManager: Shutting down and abandoning module AndroidMediaEditor (588)
[2021.08.05-19.03.27:650][ 38]LogModuleManager: Shutting down and abandoning module MagicLeapCameraPreviewFactory (586)
[2021.08.05-19.03.27:650][ 38]LogModuleManager: Shutting down and abandoning module MagicLeapMediaCodecFactory (584)
[2021.08.05-19.03.27:650][ 38]LogModuleManager: Shutting down and abandoning module MagicLeapMediaFactory (582)
[2021.08.05-19.03.27:650][ 38]LogModuleManager: Shutting down and abandoning module MagicLeapMediaEditor (580)
[2021.08.05-19.03.27:650][ 38]LogModuleManager: Shutting down and abandoning module CharacterAI (578)
[2021.08.05-19.03.27:650][ 38]LogModuleManager: Shutting down and abandoning module SmartSnapping (576)
[2021.08.05-19.03.27:650][ 38]LogModuleManager: Shutting down and abandoning module SessionServices (574)
[2021.08.05-19.03.27:650][ 38]LogModuleManager: Shutting down and abandoning module MeshPaint (572)
[2021.08.05-19.03.27:650][ 38]LogModuleManager: Shutting down and abandoning module ViewportSnapping (570)
[2021.08.05-19.03.27:650][ 38]LogModuleManager: Shutting down and abandoning module ViewportInteraction (568)
[2021.08.05-19.03.27:650][ 38]LogModuleManager: Shutting down and abandoning module ClothPainter (566)
[2021.08.05-19.03.27:650][ 38]LogModuleManager: Shutting down and abandoning module SkeletalMeshEditor (565)
[2021.08.05-19.03.27:650][ 38]LogModuleManager: Shutting down and abandoning module LogVisualizer (562)
[2021.08.05-19.03.27:650][ 38]LogModuleManager: Shutting down and abandoning module IntroTutorials (560)
[2021.08.05-19.03.27:650][ 38]LogModuleManager: Shutting down and abandoning module GameProjectGeneration (559)
[2021.08.05-19.03.27:650][ 38]LogModuleManager: Shutting down and abandoning module LuminPlatformEditor (556)
[2021.08.05-19.03.27:651][ 38]LogModuleManager: Shutting down and abandoning module IOSPlatformEditor (554)
[2021.08.05-19.03.27:651][ 38]LogModuleManager: Shutting down and abandoning module HTML5PlatformEditor (552)
[2021.08.05-19.03.27:651][ 38]LogModuleManager: Shutting down and abandoning module AndroidPlatformEditor (550)
[2021.08.05-19.03.27:651][ 38]LogModuleManager: Shutting down and abandoning module AndroidDeviceDetection (549)
[2021.08.05-19.03.28:416][ 38]LogModuleManager: Shutting down and abandoning module WindowsPlatformEditor (546)
[2021.08.05-19.03.28:416][ 38]LogModuleManager: Shutting down and abandoning module LuminRuntimeSettings (544)
[2021.08.05-19.03.28:416][ 38]LogModuleManager: Shutting down and abandoning module IOSRuntimeSettings (542)
[2021.08.05-19.03.28:417][ 38]LogModuleManager: Shutting down and abandoning module AndroidRuntimeSettings (540)
[2021.08.05-19.03.28:417][ 38]LogModuleManager: Shutting down and abandoning module TimeManagementEditor (538)
[2021.08.05-19.03.28:417][ 38]LogModuleManager: Shutting down and abandoning module InputBindingEditor (536)
[2021.08.05-19.03.28:417][ 38]LogModuleManager: Shutting down and abandoning module MergeActors (534)
[2021.08.05-19.03.28:417][ 38]LogModuleManager: Shutting down and abandoning module LocalizationDashboard (532)
[2021.08.05-19.03.28:417][ 38]LogModuleManager: Shutting down and abandoning module LocalizationService (531)
[2021.08.05-19.03.28:417][ 38]LogModuleManager: Shutting down and abandoning module HardwareTargeting (528)
[2021.08.05-19.03.28:417][ 38]LogModuleManager: Shutting down and abandoning module DeviceProfileEditor (526)
[2021.08.05-19.03.28:417][ 38]LogModuleManager: Shutting down and abandoning module UndoHistory (524)
[2021.08.05-19.03.28:417][ 38]LogModuleManager: Shutting down and abandoning module XmlParser (522)
[2021.08.05-19.03.28:417][ 38]LogModuleManager: Shutting down and abandoning module Blutility (520)
[2021.08.05-19.03.28:417][ 38]LogModuleManager: Shutting down and abandoning module ProjectSettingsViewer (518)
[2021.08.05-19.03.28:417][ 38]LogModuleManager: Shutting down and abandoning module ProjectTargetPlatformEditor (517)
[2021.08.05-19.03.28:417][ 38]LogModuleManager: Shutting down and abandoning module EditorSettingsViewer (514)
[2021.08.05-19.03.28:417][ 38]LogModuleManager: Shutting down and abandoning module SettingsEditor (512)
[2021.08.05-19.03.28:417][ 38]LogModuleManager: Shutting down and abandoning module ProjectLauncher (510)
[2021.08.05-19.03.28:417][ 38]LogModuleManager: Shutting down and abandoning module SessionFrontend (508)
[2021.08.05-19.03.28:418][ 38]LogModuleManager: Shutting down and abandoning module ProfilerClient (506)
[2021.08.05-19.03.28:418][ 38]LogModuleManager: Shutting down and abandoning module DeviceManager (504)
[2021.08.05-19.03.28:418][ 38]LogModuleManager: Shutting down and abandoning module TargetDeviceServices (503)
[2021.08.05-19.03.28:462][ 38]LogModuleManager: Shutting down and abandoning module AutomationController (500)
[2021.08.05-19.03.28:462][ 38]LogModuleManager: Shutting down and abandoning module AutomationWindow (498)
[2021.08.05-19.03.28:463][ 38]LogModuleManager: Shutting down and abandoning module Layers (496)
[2021.08.05-19.03.28:464][ 38]LogModuleManager: Shutting down and abandoning module ComponentVisualizers (494)
[2021.08.05-19.03.28:464][ 38]LogModuleManager: Shutting down and abandoning module DetailCustomizations (492)
[2021.08.05-19.03.28:464][ 38]LogModuleManager: Shutting down and abandoning module PackagesDialog (490)
[2021.08.05-19.03.28:464][ 38]LogModuleManager: Shutting down and abandoning module AnimationBlueprintEditor (488)
[2021.08.05-19.03.28:465][ 38]LogModuleManager: Shutting down and abandoning module Persona (486)
[2021.08.05-19.03.28:466][ 38]LogModuleManager: Shutting down and abandoning module AdvancedPreviewScene (485)
[2021.08.05-19.03.28:466][ 38]LogModuleManager: Shutting down and abandoning module AnimGraph (483)
[2021.08.05-19.03.28:466][ 38]LogModuleManager: Shutting down and abandoning module Kismet (480)
[2021.08.05-19.03.28:467][ 38]LogModuleManager: Shutting down and abandoning module KismetWidgets (479)
[2021.08.05-19.03.28:467][ 38]LogModuleManager: Shutting down and abandoning module GraphEditor (476)
[2021.08.05-19.03.28:468][ 38]LogModuleManager: Shutting down and abandoning module StructViewer (474)
[2021.08.05-19.03.28:468][ 38]LogModuleManager: Shutting down and abandoning module ClassViewer (472)
[2021.08.05-19.03.28:468][ 38]LogModuleManager: Shutting down and abandoning module Toolbox (470)
[2021.08.05-19.03.28:468][ 38]LogModuleManager: Shutting down and abandoning module ModuleUI (468)
[2021.08.05-19.03.28:468][ 38]LogModuleManager: Shutting down and abandoning module MovieSceneTools (466)
[2021.08.05-19.03.28:468][ 38]LogModuleManager: Shutting down and abandoning module OutputLog (464)
[2021.08.05-19.03.28:469][ 38]LogModuleManager: Shutting down and abandoning module GammaUI (462)
[2021.08.05-19.03.28:469][ 38]LogModuleManager: Shutting down and abandoning module Documentation (460)
[2021.08.05-19.03.28:469][ 38]LogModuleManager: Shutting down and abandoning module LiveCoding (458)
[2021.08.05-19.03.28:469][ 38]LogModuleManager: Shutting down and abandoning module LevelSequence (456)
[2021.08.05-19.03.28:469][ 38]LogModuleManager: Shutting down and abandoning module MovieSceneTracks (454)
[2021.08.05-19.03.28:469][ 38]LogModuleManager: Shutting down and abandoning module MovieScene (452)
[2021.08.05-19.03.28:469][ 38]LogModuleManager: Shutting down and abandoning module StreamingPauseRendering (450)
[2021.08.05-19.03.28:469][ 38]LogModuleManager: Shutting down and abandoning module LauncherPlatform (448)
[2021.08.05-19.03.28:469][ 38]LogModuleManager: Shutting down and abandoning module AnalyticsET (446)
[2021.08.05-19.03.28:469][ 38]LogModuleManager: Shutting down and abandoning module PortalServices (444)
[2021.08.05-19.03.28:469][ 38]LogModuleManager: Shutting down and abandoning module PortalRpc (442)
[2021.08.05-19.03.28:469][ 38]LogModuleManager: Shutting down and abandoning module MessagingRpc (440)
[2021.08.05-19.03.28:469][ 38]LogModuleManager: Shutting down and abandoning module AIModule (438)
[2021.08.05-19.03.28:469][ 38]LogModuleManager: Shutting down and abandoning module GameplayDebugger (437)
[2021.08.05-19.03.28:469][ 38]LogModuleManager: Shutting down and abandoning module AITestSuite (435)
[2021.08.05-19.03.28:469][ 38]LogModuleManager: Shutting down and abandoning module NavigationSystem (433)
[2021.08.05-19.03.28:469][ 38]LogModuleManager: Shutting down and abandoning module DesktopPlatform (430)
[2021.08.05-19.03.28:469][ 38]LogModuleManager: Shutting down and abandoning module ImageWriteQueue (428)
[2021.08.05-19.03.28:474][ 38]LogModuleManager: Shutting down and abandoning module ProfilerService (426)
[2021.08.05-19.03.28:607][ 38]LogModuleManager: Shutting down and abandoning module TaskGraph (424)
[2021.08.05-19.03.28:607][ 38]LogModuleManager: Shutting down and abandoning module ScreenshotTools (422)
[2021.08.05-19.03.28:607][ 38]LogModuleManager: Shutting down and abandoning module SteamVRController (420)
[2021.08.05-19.03.28:607][ 38]LogModuleManager: Shutting down and abandoning module ProceduralMeshComponentEditor (418)
[2021.08.05-19.03.28:607][ 38]LogModuleManager: Shutting down and abandoning module ProceduralMeshComponent (416)
[2021.08.05-19.03.28:607][ 38]LogModuleManager: Shutting down and abandoning module OculusEditor (414)
[2021.08.05-19.03.28:607][ 38]LogModuleManager: Shutting down and abandoning module OculusInput (412)
[2021.08.05-19.03.28:607][ 38]LogModuleManager: Shutting down and abandoning module MobilePatchingUtils (410)
[2021.08.05-19.03.28:607][ 38]LogModuleManager: Shutting down and abandoning module EditableMesh (408)
[2021.08.05-19.03.28:607][ 38]LogModuleManager: Shutting down and abandoning module CustomMeshComponent (406)
[2021.08.05-19.03.28:607][ 38]LogModuleManager: Shutting down and abandoning module CableComponent (404)
[2021.08.05-19.03.28:607][ 38]LogModuleManager: Shutting down and abandoning module AudioCapture (402)
[2021.08.05-19.03.28:607][ 38]LogModuleManager: Shutting down and abandoning module ArchVisCharacter (400)
[2021.08.05-19.03.28:607][ 38]LogModuleManager: Shutting down and abandoning module AppleImageUtilsBlueprintSupport (398)
[2021.08.05-19.03.28:607][ 38]LogModuleManager: Shutting down and abandoning module AppleImageUtils (396)
[2021.08.05-19.03.28:607][ 38]LogModuleManager: Shutting down and abandoning module AndroidPermission (394)
[2021.08.05-19.03.28:607][ 38]LogModuleManager: Shutting down and abandoning module NUTUnrealEngine4 (392)
[2021.08.05-19.03.28:607][ 38]LogModuleManager: Shutting down and abandoning module NetcodeUnitTest (390)
[2021.08.05-19.03.28:608][ 38]LogModuleManager: Shutting down and abandoning module MediaCompositing (388)
[2021.08.05-19.03.28:608][ 38]LogModuleManager: Shutting down and abandoning module ImgMedia (386)
[2021.08.05-19.03.28:608][ 38]LogModuleManager: Shutting down and abandoning module MagicLeapHelperVulkan (384)
[2021.08.05-19.03.28:608][ 38]LogModuleManager: Shutting down and abandoning module MagicLeapHelperOpenGL (382)
[2021.08.05-19.03.28:608][ 38]LogModuleManager: Shutting down and abandoning module MagicLeapAudio (380)
[2021.08.05-19.03.28:608][ 38]LogModuleManager: Shutting down and abandoning module HTML5Networking (378)
[2021.08.05-19.03.28:608][ 38]LogModuleManager: Shutting down and abandoning module GeometryCacheTracks (376)
[2021.08.05-19.03.28:608][ 38]LogModuleManager: Shutting down and abandoning module GeometryCacheSequencer (374)
[2021.08.05-19.03.28:608][ 38]LogModuleManager: Shutting down and abandoning module BackChannel (372)
[2021.08.05-19.03.28:608][ 38]LogModuleManager: Shutting down and abandoning module AutomationUtilsEditor (370)
[2021.08.05-19.03.28:608][ 38]LogModuleManager: Shutting down and abandoning module AutomationUtils (368)
[2021.08.05-19.03.28:608][ 38]LogModuleManager: Shutting down and abandoning module AlembicImporter (366)
[2021.08.05-19.03.28:608][ 38]LogModuleManager: Shutting down and abandoning module AlembicLibrary (365)
[2021.08.05-19.03.28:608][ 38]LogModuleManager: Shutting down and abandoning module GeometryCache (364)
[2021.08.05-19.03.28:608][ 38]LogModuleManager: Shutting down and abandoning module GeometryCacheEd (363)
[2021.08.05-19.03.28:608][ 38]LogModuleManager: Shutting down and abandoning module VariantManagerContent (358)
[2021.08.05-19.03.28:608][ 38]LogModuleManager: Shutting down and abandoning module DatasmithContentEditor (356)
[2021.08.05-19.03.28:608][ 38]LogModuleManager: Shutting down and abandoning module SpeedTreeImporter (354)
[2021.08.05-19.03.28:608][ 38]LogModuleManager: Shutting down and abandoning module PluginBrowser (352)
[2021.08.05-19.03.28:608][ 38]LogModuleManager: Shutting down and abandoning module MobileLauncherProfileWizard (350)
[2021.08.05-19.03.28:608][ 38]LogModuleManager: Shutting down and abandoning module MaterialAnalyzer (348)
[2021.08.05-19.03.28:609][ 38]LogModuleManager: Shutting down and abandoning module CurveEditorTools (346)
[2021.08.05-19.03.28:609][ 38]LogModuleManager: Shutting down and abandoning module CurveEditor (345)
[2021.08.05-19.03.28:609][ 38]LogModuleManager: Shutting down and abandoning module CryptoKeysOpenSSL (342)
[2021.08.05-19.03.28:609][ 38]LogModuleManager: Shutting down and abandoning module CryptoKeys (340)
[2021.08.05-19.03.28:609][ 38]LogModuleManager: Shutting down and abandoning module VisualStudioSourceCodeAccess (338)
[2021.08.05-19.03.28:609][ 38]LogModuleManager: Shutting down and abandoning module VisualStudioCodeSourceCodeAccess (336)
[2021.08.05-19.03.28:609][ 38]LogModuleManager: Shutting down and abandoning module UObjectPlugin (334)
[2021.08.05-19.03.28:609][ 38]LogModuleManager: Shutting down and abandoning module SubversionSourceControl (332)
[2021.08.05-19.03.28:609][ 38]LogModuleManager: Shutting down and abandoning module PerforceSourceControl (330)
[2021.08.05-19.03.28:610][ 38]LogModuleManager: Shutting down and abandoning module GitSourceControl (328)
[2021.08.05-19.03.28:610][ 38]LogModuleManager: Shutting down and abandoning module SourceControl (327)
[2021.08.05-19.03.28:610][ 38]LogModuleManager: Shutting down and abandoning module CLionSourceCodeAccess (324)
[2021.08.05-19.03.28:610][ 38]LogModuleManager: Shutting down and abandoning module AnimationSharingEd (322)
[2021.08.05-19.03.28:610][ 38]LogModuleManager: Shutting down and abandoning module ActorLayerUtilitiesEditor (320)
[2021.08.05-19.03.28:610][ 38]LogModuleManager: Shutting down and abandoning module ActorLayerUtilities (318)
[2021.08.05-19.03.28:610][ 38]LogModuleManager: Shutting down and abandoning module LightPropagationVolumeEditor (316)
[2021.08.05-19.03.28:610][ 38]LogModuleManager: Shutting down and abandoning module PaperTiledImporter (314)
[2021.08.05-19.03.28:610][ 38]LogModuleManager: Shutting down and abandoning module PaperSpriteSheetImporter (312)
[2021.08.05-19.03.28:610][ 38]LogModuleManager: Shutting down and abandoning module Paper2DEditor (310)
[2021.08.05-19.03.28:610][ 38]LogModuleManager: Shutting down and abandoning module SignificanceManager (308)
[2021.08.05-19.03.28:610][ 38]LogModuleManager: Shutting down and abandoning module RuntimePhysXCooking (306)
[2021.08.05-19.03.28:610][ 38]LogModuleManager: Shutting down and abandoning module PhysXVehiclesEditor (304)
[2021.08.05-19.03.28:610][ 38]LogModuleManager: Shutting down and abandoning module LocationServicesBPLibrary (300)
[2021.08.05-19.03.28:610][ 38]LogModuleManager: Shutting down and abandoning module ActorSequence (298)
[2021.08.05-19.03.28:610][ 38]LogModuleManager: Shutting down and abandoning module UdpMessaging (296)
[2021.08.05-19.03.28:711][ 38]LogModuleManager: Shutting down and abandoning module TcpMessaging (294)
[2021.08.05-19.03.28:812][ 38]LogModuleManager: Shutting down and abandoning module MagicLeapIdentity (292)
[2021.08.05-19.03.28:812][ 38]LogModuleManager: Shutting down and abandoning module MagicLeapSecureStorage (290)
[2021.08.05-19.03.28:812][ 38]LogModuleManager: Shutting down and abandoning module MagicLeapHandTracking (288)
[2021.08.05-19.03.28:812][ 38]LogModuleManager: Shutting down and abandoning module MagicLeapEyeTracker (286)
[2021.08.05-19.03.28:812][ 38]LogModuleManager: Shutting down and abandoning module MagicLeapController (284)
[2021.08.05-19.03.28:812][ 38]LogSlate: Slate User Destroyed.  User Index 0, Is Virtual User: 0
[2021.08.05-19.03.28:812][ 38]LogModuleManager: Shutting down and abandoning module MagicLeapAR (282)
[2021.08.05-19.03.28:812][ 38]LogModuleManager: Shutting down and abandoning module AugmentedReality (281)
[2021.08.05-19.03.28:812][ 38]LogModuleManager: Shutting down and abandoning module GameplayTagsEditor (278)
[2021.08.05-19.03.28:813][ 38]LogModuleManager: Shutting down and abandoning module FacialAnimationEditor (276)
[2021.08.05-19.03.28:813][ 38]LogModuleManager: Shutting down and abandoning module FacialAnimation (274)
[2021.08.05-19.03.28:813][ 38]LogModuleManager: Shutting down and abandoning module DataValidation (272)
[2021.08.05-19.03.28:813][ 38]LogModuleManager: Shutting down and abandoning module AssetManagerEditor (270)
[2021.08.05-19.03.28:813][ 38]LogModuleManager: Shutting down and abandoning module LevelEditor (269)
[2021.08.05-19.03.28:814][ 38]LogModuleManager: Shutting down and abandoning module PixelInspectorModule (268)
[2021.08.05-19.03.28:814][ 38]LogModuleManager: Shutting down and abandoning module CommonMenuExtensions (266)
[2021.08.05-19.03.28:814][ 38]LogModuleManager: Shutting down and abandoning module MainFrame (264)
[2021.08.05-19.03.28:814][ 38]LogModuleManager: Shutting down and abandoning module HotReload (263)
[2021.08.05-19.03.28:815][ 38]LogModuleManager: Shutting down and abandoning module ContentBrowser (259)
[2021.08.05-19.03.28:815][ 38]LogModuleManager: Shutting down and abandoning module TreeMap (257)
[2021.08.05-19.03.28:816][ 38]LogModuleManager: Shutting down and abandoning module AnimationSharing (254)
[2021.08.05-19.03.28:816][ 38]LogModuleManager: Shutting down and abandoning module LightPropagationVolumeRuntime (252)
[2021.08.05-19.03.28:816][ 38]LogModuleManager: Shutting down and abandoning module Paper2D (250)
[2021.08.05-19.03.28:816][ 38]LogModuleManager: Shutting down and abandoning module WindowsMoviePlayer (248)
[2021.08.05-19.03.28:818][ 38]LogModuleManager: Shutting down and abandoning module WebMMoviePlayer (246)
[2021.08.05-19.03.28:818][ 38]LogModuleManager: Shutting down and abandoning module NetworkReplayStreaming (244)
[2021.08.05-19.03.28:818][ 38]LogModuleManager: Shutting down and abandoning module PacketHandler (242)
[2021.08.05-19.03.28:818][ 38]LogModuleManager: Shutting down and abandoning module ClothingSystemEditor (240)
[2021.08.05-19.03.28:818][ 38]LogModuleManager: Shutting down and abandoning module ClothingSystemRuntime (238)
[2021.08.05-19.03.28:818][ 38]LogModuleManager: Shutting down and abandoning module MediaAssets (236)
[2021.08.05-19.03.28:818][ 38]LogModuleManager: Shutting down and abandoning module Overlay (234)
[2021.08.05-19.03.28:818][ 38]LogModuleManager: Shutting down and abandoning module OverlayEditor (233)
[2021.08.05-19.03.28:818][ 38]LogModuleManager: Shutting down and abandoning module VREditor (230)
[2021.08.05-19.03.28:818][ 38]LogModuleManager: Shutting down and abandoning module StringTableEditor (228)
[2021.08.05-19.03.28:819][ 38]LogModuleManager: Shutting down and abandoning module GameplayTasksEditor (226)
[2021.08.05-19.03.28:819][ 38]LogModuleManager: Shutting down and abandoning module BehaviorTreeEditor (224)
[2021.08.05-19.03.28:819][ 38]LogModuleManager: Shutting down and abandoning module FunctionalTesting (222)
[2021.08.05-19.03.28:819][ 38]LogModuleManager: Shutting down and abandoning module CollisionAnalyzer (220)
[2021.08.05-19.03.28:819][ 38]LogModuleManager: Shutting down and abandoning module WorkspaceMenuStructure (219)
[2021.08.05-19.03.28:819][ 38]LogModuleManager: Shutting down and abandoning module UMG (216)
[2021.08.05-19.03.28:819][ 38]LogModuleManager: Shutting down and abandoning module UMGEditor (215)
[2021.08.05-19.03.28:819][ 38]LogModuleManager: Shutting down and abandoning module Sequencer (214)
[2021.08.05-19.03.28:821][ 38]LogModuleManager: Shutting down and abandoning module MessageLog (211)
[2021.08.05-19.03.28:821][ 38]LogModuleManager: Shutting down and abandoning module SlateReflector (206)
[2021.08.05-19.03.28:821][ 38]LogModuleManager: Shutting down and abandoning module Slate (204)
[2021.08.05-19.03.28:821][ 38]LogModuleManager: Shutting down and abandoning module LandscapeEditorUtilities (202)
[2021.08.05-19.03.28:821][ 38]LogModuleManager: Shutting down and abandoning module EditorStyle (200)
[2021.08.05-19.03.28:822][ 38]LogModuleManager: Shutting down and abandoning module UnrealEd (198)
[2021.08.05-19.03.28:822][ 38]LogModuleManager: Shutting down and abandoning module MRMesh (196)
[2021.08.05-19.03.28:822][ 38]LogModuleManager: Shutting down and abandoning module SourceCodeAccess (194)
[2021.08.05-19.03.28:822][ 38]LogModuleManager: Shutting down and abandoning module HeadMountedDisplay (192)
[2021.08.05-19.03.28:822][ 38]LogModuleManager: Shutting down and abandoning module XAudio2 (190)
[2021.08.05-19.03.28:822][ 38]LogModuleManager: Shutting down and abandoning module Networking (188)
[2021.08.05-19.03.28:822][ 38]LogModuleManager: Shutting down and abandoning module Core (186)
[2021.08.05-19.03.28:822][ 38]LogModuleManager: Shutting down and abandoning module KismetCompiler (184)
[2021.08.05-19.03.28:822][ 38]LogModuleManager: Shutting down and abandoning module MeshUtilities (182)
[2021.08.05-19.03.28:822][ 38]LogModuleManager: Shutting down and abandoning module MeshMergeUtilities (181)
[2021.08.05-19.03.28:822][ 38]LogModuleManager: Shutting down and abandoning module MeshReductionInterface (180)
[2021.08.05-19.03.28:822][ 38]LogModuleManager: Shutting down and abandoning module SkeletalMeshReduction (179)
[2021.08.05-19.03.28:823][ 38]LogModuleManager: Shutting down and abandoning module ProxyLODMeshReduction (177)
[2021.08.05-19.03.28:823][ 38]LogModuleManager: Shutting down and abandoning module QuadricMeshReduction (175)
[2021.08.05-19.03.28:823][ 38]LogModuleManager: Shutting down and abandoning module MaterialBaking (171)
[2021.08.05-19.03.28:823][ 38]LogModuleManager: Shutting down and abandoning module NullInstallBundleManager (166)
[2021.08.05-19.03.28:823][ 38]LogModuleManager: Shutting down and abandoning module DerivedDataCache (164)
[2021.08.05-19.03.29:127][ 38]LogDerivedDataCache: Shutdown
[2021.08.05-19.03.29:127][ 38]LogModuleManager: Shutting down and abandoning module XGEController (162)
[2021.08.05-19.03.29:127][ 38]LogXGEController: Cleaning working directory: C:/Users/dku19/AppData/Local/Temp/UnrealXGEWorkingDir/
[2021.08.05-19.03.29:127][ 38]LogModuleManager: Shutting down and abandoning module TargetPlatform (160)
[2021.08.05-19.03.29:127][ 38]LogModuleManager: Shutting down and abandoning module VulkanShaderFormat (159)
[2021.08.05-19.03.29:127][ 38]LogModuleManager: Shutting down and abandoning module ShaderFormatVectorVM (157)
[2021.08.05-19.03.29:127][ 38]LogModuleManager: Shutting down and abandoning module ShaderFormatOpenGL (155)
[2021.08.05-19.03.29:127][ 38]LogModuleManager: Shutting down and abandoning module ShaderFormatD3D (153)
[2021.08.05-19.03.29:127][ 38]LogModuleManager: Shutting down and abandoning module MetalShaderFormat (151)
[2021.08.05-19.03.29:127][ 38]LogModuleManager: Shutting down and abandoning module TextureFormatUncompressed (149)
[2021.08.05-19.03.29:127][ 38]LogModuleManager: Shutting down and abandoning module TextureFormatPVR (147)
[2021.08.05-19.03.29:127][ 38]LogModuleManager: Shutting down and abandoning module TextureFormatDXT (145)
[2021.08.05-19.03.29:127][ 38]LogModuleManager: Shutting down and abandoning module TextureFormatIntelISPCTexComp (143)
[2021.08.05-19.03.29:128][ 38]LogModuleManager: Shutting down and abandoning module TextureFormatASTC (141)
[2021.08.05-19.03.29:128][ 38]LogModuleManager: Shutting down and abandoning module ImageWrapper (140)
[2021.08.05-19.03.29:128][ 38]LogModuleManager: Shutting down and abandoning module TextureFormatAndroid (137)
[2021.08.05-19.03.29:128][ 38]LogModuleManager: Shutting down and abandoning module AudioFormatOpus (135)
[2021.08.05-19.03.29:128][ 38]LogModuleManager: Shutting down and abandoning module AudioFormatOgg (133)
[2021.08.05-19.03.29:128][ 38]LogModuleManager: Shutting down and abandoning module AudioFormatADPCM (131)
[2021.08.05-19.03.29:128][ 38]LogModuleManager: Shutting down and abandoning module LuminTargetPlatform (129)
[2021.08.05-19.03.29:128][ 38]LogModuleManager: Shutting down and abandoning module LinuxTargetPlatform (127)
[2021.08.05-19.03.29:128][ 38]LogModuleManager: Shutting down and abandoning module LinuxServerTargetPlatform (125)
[2021.08.05-19.03.29:128][ 38]LogModuleManager: Shutting down and abandoning module LinuxNoEditorTargetPlatform (123)
[2021.08.05-19.03.29:128][ 38]LogModuleManager: Shutting down and abandoning module LinuxClientTargetPlatform (121)
[2021.08.05-19.03.29:128][ 38]LogModuleManager: Shutting down and abandoning module TVOSTargetPlatform (119)
[2021.08.05-19.03.29:129][ 38]LogModuleManager: Shutting down and abandoning module Messaging (117)
[2021.08.05-19.03.29:129][ 38]LogModuleManager: Shutting down and abandoning module IOSTargetPlatform (115)
[2021.08.05-19.03.29:129][ 38]LogModuleManager: Shutting down and abandoning module HTML5TargetPlatform (113)
[2021.08.05-19.03.29:129][ 38]LogModuleManager: Shutting down and abandoning module AndroidTargetPlatform (111)
[2021.08.05-19.03.29:134][ 38]LogModuleManager: Shutting down and abandoning module WindowsTargetPlatform (109)
[2021.08.05-19.03.29:134][ 38]LogModuleManager: Shutting down and abandoning module WindowsServerTargetPlatform (107)
[2021.08.05-19.03.29:134][ 38]LogModuleManager: Shutting down and abandoning module WindowsNoEditorTargetPlatform (105)
[2021.08.05-19.03.29:134][ 38]LogModuleManager: Shutting down and abandoning module WindowsClientTargetPlatform (103)
[2021.08.05-19.03.29:134][ 38]LogModuleManager: Shutting down and abandoning module MacTargetPlatform (101)
[2021.08.05-19.03.29:134][ 38]LogModuleManager: Shutting down and abandoning module MacServerTargetPlatform (99)
[2021.08.05-19.03.29:134][ 38]LogModuleManager: Shutting down and abandoning module MacNoEditorTargetPlatform (97)
[2021.08.05-19.03.29:134][ 38]LogModuleManager: Shutting down and abandoning module MacClientTargetPlatform (95)
[2021.08.05-19.03.29:134][ 38]LogModuleManager: Shutting down and abandoning module AllDesktopTargetPlatform (93)
[2021.08.05-19.03.29:134][ 38]LogModuleManager: Shutting down and abandoning module InputCore (90)
[2021.08.05-19.03.29:134][ 38]LogModuleManager: Shutting down and abandoning module Settings (88)
[2021.08.05-19.03.29:134][ 38]LogModuleManager: Shutting down and abandoning module DirectoryWatcher (86)
[2021.08.05-19.03.29:135][ 38]LogModuleManager: Shutting down and abandoning module PhysXCooking (84)
[2021.08.05-19.03.29:135][ 38]LogModuleManager: Shutting down and abandoning module WindowsPlatformFeatures (82)
[2021.08.05-19.03.29:135][ 38]LogModuleManager: Shutting down and abandoning module GameplayMediaEncoder (81)
[2021.08.05-19.03.29:135][ 38]LogModuleManager: Shutting down and abandoning module SteamVR (78)
[2021.08.05-19.03.29:135][ 38]LogHMD: Freeing OpenVRDLLHandle.
[2021.08.05-19.03.29:135][ 38]LogModuleManager: Shutting down and abandoning module OculusHMD (76)
[2021.08.05-19.03.29:135][ 38]LogModuleManager: Shutting down and abandoning module ExampleDeviceProfileSelector (74)
[2021.08.05-19.03.29:135][ 38]LogModuleManager: Shutting down and abandoning module LauncherChunkInstaller (72)
[2021.08.05-19.03.29:135][ 38]LogModuleManager: Shutting down and abandoning module OnlineBlueprintSupport (70)
[2021.08.05-19.03.29:135][ 38]LogModuleManager: Shutting down and abandoning module OnlineSubsystem (66)
[2021.08.05-19.03.29:136][ 38]LogModuleManager: Shutting down and abandoning module XMPP (61)
[2021.08.05-19.03.29:137][ 38]LogModuleManager: Shutting down and abandoning module WebSockets (60)
[2021.08.05-19.03.29:169][ 38]LogModuleManager: Shutting down and abandoning module HTTP (57)
[2021.08.05-19.03.29:169][ 38]LogHttp: Display: Http module shutting down, but needs to wait on 1 outstanding Http requests:
[2021.08.05-19.03.29:169][ 38]LogHttp: Display: 	verb=[POST] url=[https://datarouter.ol.epicgames.com/datarouter/api/v1/public/data?SessionID=%7BA48B5CD0-4AD1-A02D-3E8F-18A7327A4AA2%7D&AppID=UEEditor.Rocket.Release&AppVersion=4.23.1-9631420%2B%2B%2BUE4%2BRelease-4.23&UserID=9f35b1404e75632c1f73c99ce9bedd99%7C53f5579258464b69a8c37fb50da7d09f%7C5b2e0445-1bf5-4ca9-b5bf-82e77ab436a0&AppEnvironment=datacollector-binary&UploadType=eteventstream] status=Processing
[2021.08.05-19.03.29:191][ 38]LogModuleManager: Shutting down and abandoning module SSL (56)
[2021.08.05-19.03.29:193][ 38]LogModuleManager: Shutting down and abandoning module WmfMedia (52)
[2021.08.05-19.03.29:195][ 38]LogModuleManager: Shutting down and abandoning module Media (51)
[2021.08.05-19.03.29:196][ 38]LogModuleManager: Shutting down and abandoning module MagicLeap (48)
[2021.08.05-19.03.29:196][ 38]LogModuleManager: Shutting down and abandoning module DatasmithContent (46)
[2021.08.05-19.03.29:197][ 38]LogModuleManager: Shutting down and abandoning module AISupportModule (44)
[2021.08.05-19.03.29:197][ 38]LogModuleManager: Shutting down and abandoning module PlatformCryptoOpenSSL (42)
[2021.08.05-19.03.29:197][ 38]LogModuleManager: Shutting down and abandoning module PlatformCrypto (40)
[2021.08.05-19.03.29:197][ 38]LogModuleManager: Shutting down and abandoning module AnimationModifiers (38)
[2021.08.05-19.03.29:197][ 38]LogModuleManager: Shutting down and abandoning module PropertyEditor (37)
[2021.08.05-19.03.29:197][ 38]LogModuleManager: Shutting down and abandoning module AudioEditor (34)
[2021.08.05-19.03.29:198][ 38]LogModuleManager: Shutting down and abandoning module TextureCompressor (32)
[2021.08.05-19.03.29:198][ 38]LogModuleManager: Shutting down and abandoning module RenderCore (30)
[2021.08.05-19.03.29:198][ 38]LogModuleManager: Shutting down and abandoning module Landscape (28)
[2021.08.05-19.03.29:198][ 38]LogModuleManager: Shutting down and abandoning module SlateRHIRenderer (26)
[2021.08.05-19.03.29:198][ 38]LogModuleManager: Shutting down and abandoning module OpenGLDrv (24)
[2021.08.05-19.03.29:199][ 38]LogModuleManager: Shutting down and abandoning module D3D11RHI (22)
[2021.08.05-19.03.29:199][ 38]LogModuleManager: Shutting down and abandoning module AnimGraphRuntime (20)
[2021.08.05-19.03.29:199][ 38]LogModuleManager: Shutting down and abandoning module Renderer (18)
[2021.08.05-19.03.29:199][ 38]LogModuleManager: Shutting down and abandoning module Engine (16)
[2021.08.05-19.03.29:199][ 38]LogModuleManager: Shutting down and abandoning module CoreUObject (14)
[2021.08.05-19.03.29:199][ 38]LogModuleManager: Shutting down and abandoning module NetworkFile (12)
[2021.08.05-19.03.29:199][ 38]LogModuleManager: Shutting down and abandoning module CookedIterativeFile (10)
[2021.08.05-19.03.29:199][ 38]LogModuleManager: Shutting down and abandoning module StreamingFile (8)
[2021.08.05-19.03.29:199][ 38]LogModuleManager: Shutting down and abandoning module SandboxFile (6)
[2021.08.05-19.03.29:199][ 38]LogModuleManager: Shutting down and abandoning module PakFile (4)
[2021.08.05-19.03.29:199][ 38]LogModuleManager: Shutting down and abandoning module RSA (3)
[2021.08.05-19.03.29:199][ 38]LogD3D11RHI: Shutdown
[2021.08.05-19.03.29:199][ 38]LogD3D11RHI: CleanupD3DDevice
[2021.08.05-19.03.29:200][ 38]LogRendererCore: FGlobalDynamicReadBuffer::Cleanup()
[2021.08.05-19.03.29:200][ 38]LogRendererCore: FGlobalDynamicReadBuffer::Cleanup()
[2021.08.05-19.03.29:200][ 38]LogRendererCore: FGlobalDynamicReadBuffer::Cleanup()
[2021.08.05-19.03.29:303][ 38]LogD3D11RHI: ~FD3D11DynamicRHI
[2021.08.05-19.03.29:325][ 38]LogExit: Exiting.
[2021.08.05-19.03.29:327][ 38]Log file closed, 08/05/21 15:03:29
